TN:
SF:prisma/SeedData.tsx
FN:8,(anonymous_2)
FN:195,(anonymous_3)
FN:203,(anonymous_4)
FN:225,(anonymous_5)
FNF:4
FNH:4
FNDA:50,(anonymous_2)
FNDA:1,(anonymous_3)
FNDA:1,(anonymous_4)
FNDA:1,(anonymous_5)
DA:1,1
DA:2,1
DA:5,1
DA:8,1
DA:9,50
DA:33,1
DA:38,1
DA:58,1
DA:195,1
DA:196,1
DA:198,1
DA:199,1
DA:200,1
DA:201,1
DA:203,1
DA:205,1
DA:208,1
DA:209,0
DA:211,0
DA:214,1
DA:219,1
DA:222,1
DA:225,1
DA:226,1
DA:229,1
DA:234,2
LF:26
LH:24
BRDA:208,0,0,0
BRF:1
BRH:0
end_of_record
TN:
SF:src/Env.tsx
FN:1,(anonymous_1)
FN:20,(anonymous_2)
FN:29,(anonymous_3)
FN:73,(anonymous_4)
FN:82,(anonymous_5)
FN:101,(anonymous_6)
FN:104,(anonymous_7)
FN:105,(anonymous_8)
FN:106,(anonymous_9)
FN:107,(anonymous_10)
FN:108,(anonymous_11)
FNF:11
FNH:3
FNDA:0,(anonymous_1)
FNDA:10,(anonymous_2)
FNDA:152,(anonymous_3)
FNDA:0,(anonymous_4)
FNDA:0,(anonymous_5)
FNDA:0,(anonymous_6)
FNDA:0,(anonymous_7)
FNDA:0,(anonymous_8)
FNDA:0,(anonymous_9)
FNDA:0,(anonymous_10)
FNDA:4,(anonymous_11)
DA:1,131
DA:6,0
DA:7,0
DA:9,0
DA:10,0
DA:11,0
DA:13,0
DA:14,0
DA:17,0
DA:20,131
DA:22,10
DA:23,10
DA:25,0
DA:29,131
DA:31,152
DA:40,152
DA:43,0
DA:45,0
DA:46,0
DA:47,0
DA:48,0
DA:49,0
DA:50,0
DA:51,0
DA:53,2
DA:55,2
DA:56,2
DA:57,2
DA:58,2
DA:60,0
DA:62,142
DA:67,142
DA:68,0
DA:70,142
DA:73,131
DA:74,0
DA:76,0
DA:77,0
DA:79,0
DA:82,131
DA:83,0
DA:84,0
DA:85,0
DA:87,0
DA:89,0
DA:91,0
DA:101,131
DA:102,0
DA:104,131
DA:105,131
DA:106,131
DA:107,131
DA:108,131
DA:111,156
LF:54
LH:24
BRDA:2,0,0,0
BRDA:6,1,0,0
BRDA:9,2,0,0
BRDA:10,3,0,0
BRDA:13,4,0,0
BRDA:20,5,0,0
BRDA:22,6,0,10
BRDA:40,7,0,0
BRDA:40,7,1,0
BRDA:40,7,2,0
BRDA:40,7,3,0
BRDA:40,7,4,0
BRDA:40,7,5,0
BRDA:40,7,6,0
BRDA:40,7,7,0
BRDA:40,7,8,2
BRDA:40,7,9,2
BRDA:40,7,10,2
BRDA:40,7,11,2
BRDA:40,7,12,2
BRDA:40,7,13,0
BRDA:40,7,14,142
BRDA:67,8,0,0
BRDA:76,9,0,0
BRDA:76,9,1,0
BRDA:87,10,0,0
BRDA:87,10,1,0
BRF:27
BRH:7
end_of_record
TN:
SF:src/Setting.tsx
FN:3,(anonymous_1)
FNF:1
FNH:0
FNDA:0,(anonymous_1)
DA:3,2
DA:5,0
DA:12,2
LF:3
LH:2
BRF:0
BRH:0
end_of_record
TN:
SF:src/constant/labels.tsx
FNF:0
FNH:0
DA:1,2
LF:1
LH:1
BRF:0
BRH:0
end_of_record
TN:
SF:src/constant/default/DefaultAccount.tsx
FN:15,(anonymous_3)
FNF:1
FNH:0
FNDA:0,(anonymous_3)
DA:1,2
DA:2,2
DA:3,2
DA:7,14
DA:15,2
DA:17,0
LF:6
LH:5
BRF:0
BRH:0
end_of_record
TN:
SF:src/constant/default/DefaultActivity.tsx
FN:15,(anonymous_3)
FNF:1
FNH:0
FNDA:0,(anonymous_3)
DA:1,2
DA:2,2
DA:3,2
DA:7,14
DA:15,2
DA:17,0
LF:6
LH:5
BRF:0
BRH:0
end_of_record
TN:
SF:src/constant/default/DefaultAnalysis.tsx
FN:17,(anonymous_3)
FNF:1
FNH:0
FNDA:0,(anonymous_3)
DA:1,2
DA:2,2
DA:4,2
DA:7,14
DA:17,2
DA:19,0
LF:6
LH:5
BRF:0
BRH:0
end_of_record
TN:
SF:src/constant/default/DefaultAsset.tsx
FN:15,(anonymous_3)
FNF:1
FNH:0
FNDA:0,(anonymous_3)
DA:1,2
DA:2,2
DA:3,2
DA:7,14
DA:15,2
DA:17,0
LF:6
LH:5
BRF:0
BRH:0
end_of_record
TN:
SF:src/constant/default/DefaultCacheNode.tsx
FN:18,(anonymous_3)
FNF:1
FNH:0
FNDA:0,(anonymous_3)
DA:1,1
DA:2,1
DA:6,13
DA:18,1
DA:20,0
LF:5
LH:4
BRF:0
BRH:0
end_of_record
TN:
SF:src/constant/default/DefaultChat.tsx
FN:28,(anonymous_3)
FNF:1
FNH:0
FNDA:0,(anonymous_3)
DA:1,3
DA:2,3
DA:3,3
DA:7,3
DA:28,3
DA:30,0
LF:6
LH:5
BRF:0
BRH:0
end_of_record
TN:
SF:src/constant/default/DefaultContact.tsx
FN:18,(anonymous_3)
FNF:1
FNH:0
FNDA:0,(anonymous_3)
DA:1,2
DA:2,2
DA:3,2
DA:4,2
DA:8,14
DA:18,2
DA:20,0
LF:7
LH:6
BRF:0
BRH:0
end_of_record
TN:
SF:src/constant/default/DefaultContent.tsx
FN:35,(anonymous_3)
FNF:1
FNH:0
FNDA:0,(anonymous_3)
DA:1,2
DA:2,2
DA:3,2
DA:4,2
DA:6,2
DA:9,2
DA:35,2
DA:37,0
LF:8
LH:7
BRF:0
BRH:0
end_of_record
TN:
SF:src/constant/default/DefaultCoreFile.tsx
FNF:0
FNH:0
DA:4,1
LF:1
LH:1
BRF:0
BRH:0
end_of_record
TN:
SF:src/constant/default/DefaultCoreModel.tsx
FN:18,(anonymous_3)
FNF:1
FNH:0
FNDA:0,(anonymous_3)
DA:1,23
DA:5,76
DA:18,23
DA:20,0
LF:4
LH:3
BRF:0
BRH:0
end_of_record
TN:
SF:src/constant/default/DefaultDocument.tsx
FN:47,(anonymous_3)
FNF:1
FNH:0
FNDA:0,(anonymous_3)
DA:1,2
DA:2,2
DA:3,2
DA:7,2
DA:47,2
DA:49,0
LF:6
LH:5
BRF:0
BRH:0
end_of_record
TN:
SF:src/constant/default/DefaultEmptyObjectString.tsx
FNF:0
FNH:0
DA:1,2
LF:1
LH:1
BRF:0
BRH:0
end_of_record
TN:
SF:src/constant/default/DefaultEvent.tsx
FN:19,(anonymous_3)
FNF:1
FNH:0
FNDA:0,(anonymous_3)
DA:1,2
DA:2,2
DA:3,2
DA:4,2
DA:8,14
DA:19,2
DA:21,0
LF:7
LH:6
BRF:0
BRH:0
end_of_record
TN:
SF:src/constant/default/DefaultEventLog.tsx
FN:21,(anonymous_3)
FNF:1
FNH:0
FNDA:0,(anonymous_3)
DA:1,2
DA:2,2
DA:3,2
DA:4,2
DA:8,14
DA:21,2
DA:23,0
LF:7
LH:6
BRF:0
BRH:0
end_of_record
TN:
SF:src/constant/default/DefaultGeneric.tsx
FN:19,(anonymous_3)
FNF:1
FNH:0
FNDA:0,(anonymous_3)
DA:1,3
DA:2,3
DA:3,3
DA:4,3
DA:8,14
DA:19,3
DA:21,0
LF:7
LH:6
BRF:0
BRH:0
end_of_record
TN:
SF:src/constant/default/DefaultInvoice.tsx
FN:16,(anonymous_3)
FNF:1
FNH:0
FNDA:0,(anonymous_3)
DA:1,2
DA:2,2
DA:3,2
DA:7,13
DA:16,2
DA:18,0
LF:6
LH:5
BRF:0
BRH:0
end_of_record
TN:
SF:src/constant/default/DefaultJob.tsx
FN:18,(anonymous_3)
FNF:1
FNH:0
FNDA:0,(anonymous_3)
DA:1,2
DA:2,2
DA:3,2
DA:7,13
DA:18,2
DA:20,0
LF:6
LH:5
BRF:0
BRH:0
end_of_record
TN:
SF:src/constant/default/DefaultLocation.tsx
FN:18,(anonymous_3)
FNF:1
FNH:0
FNDA:0,(anonymous_3)
DA:1,2
DA:2,2
DA:3,2
DA:4,2
DA:8,13
DA:18,2
DA:20,0
LF:7
LH:6
BRF:0
BRH:0
end_of_record
TN:
SF:src/constant/default/DefaultMessage.tsx
FN:19,(anonymous_3)
FNF:1
FNH:0
FNDA:0,(anonymous_3)
DA:1,2
DA:2,2
DA:3,2
DA:7,13
DA:19,2
DA:21,0
LF:6
LH:5
BRF:0
BRH:0
end_of_record
TN:
SF:src/constant/default/DefaultMilestone.tsx
FN:41,(anonymous_3)
FNF:1
FNH:0
FNDA:0,(anonymous_3)
DA:1,3
DA:2,3
DA:3,3
DA:5,3
DA:8,3
DA:41,3
DA:43,0
LF:7
LH:6
BRF:0
BRH:0
end_of_record
TN:
SF:src/constant/default/DefaultModel.tsx
FNF:0
FNH:0
DA:1,1
DA:3,1
DA:4,1
DA:5,1
DA:6,1
DA:7,1
DA:8,1
DA:9,1
DA:10,1
DA:11,1
DA:12,1
DA:13,1
DA:14,1
DA:15,1
DA:16,1
DA:17,1
DA:18,1
DA:19,1
DA:20,1
DA:21,1
DA:22,1
DA:27,42
LF:22
LH:22
BRF:0
BRH:0
end_of_record
TN:
SF:src/constant/default/DefaultModelStash.tsx
FNF:0
FNH:0
DA:4,46
LF:1
LH:1
BRF:0
BRH:0
end_of_record
TN:
SF:src/constant/default/DefaultObjective.tsx
FN:19,(anonymous_3)
FNF:1
FNH:0
FNDA:0,(anonymous_3)
DA:1,1
DA:2,1
DA:3,1
DA:7,13
DA:19,1
DA:21,0
LF:6
LH:5
BRF:0
BRH:0
end_of_record
TN:
SF:src/constant/default/DefaultPatent.tsx
FN:40,(anonymous_3)
FNF:1
FNH:1
FNDA:2,(anonymous_3)
DA:1,2
DA:5,2
DA:40,2
DA:42,2
LF:4
LH:4
BRF:0
BRH:0
end_of_record
TN:
SF:src/constant/default/DefaultPatentClaim.tsx
FN:26,(anonymous_3)
FNF:1
FNH:1
FNDA:4,(anonymous_3)
DA:1,2
DA:2,2
DA:4,2
DA:5,2
DA:8,2
DA:26,4
DA:28,4
LF:7
LH:7
BRF:0
BRH:0
end_of_record
TN:
SF:src/constant/default/DefaultPatentClaimDefinition.tsx
FN:13,(anonymous_3)
FNF:1
FNH:1
FNDA:6,(anonymous_3)
DA:1,2
DA:2,2
DA:6,2
DA:13,6
DA:15,6
LF:5
LH:5
BRF:0
BRH:0
end_of_record
TN:
SF:src/constant/default/DefaultPatentClassification.tsx
FN:21,(anonymous_3)
FNF:1
FNH:1
FNDA:12,(anonymous_3)
DA:1,2
DA:2,2
DA:3,2
DA:7,2
DA:21,12
DA:23,12
LF:6
LH:6
BRF:0
BRH:0
end_of_record
TN:
SF:src/constant/default/DefaultPatentDescription.tsx
FN:11,(anonymous_3)
FNF:1
FNH:1
FNDA:6,(anonymous_3)
DA:1,2
DA:2,2
DA:6,2
DA:11,6
DA:13,6
LF:5
LH:5
BRF:0
BRH:0
end_of_record
TN:
SF:src/constant/default/DefaultPatentFigure.tsx
FN:14,(anonymous_3)
FNF:1
FNH:1
FNDA:8,(anonymous_3)
DA:1,2
DA:2,2
DA:6,2
DA:14,8
DA:16,8
LF:5
LH:5
BRF:0
BRH:0
end_of_record
TN:
SF:src/constant/default/DefaultPatentInventor.tsx
FN:13,(anonymous_3)
FNF:1
FNH:1
FNDA:10,(anonymous_3)
DA:1,2
DA:2,2
DA:6,2
DA:13,10
DA:15,10
LF:5
LH:5
BRF:0
BRH:0
end_of_record
TN:
SF:src/constant/default/DefaultPatentLimitation.tsx
FN:6,(anonymous_3)
FNF:1
FNH:1
FNDA:10,(anonymous_3)
DA:1,2
DA:2,2
DA:6,10
DA:8,10
DA:13,2
LF:5
LH:5
BRF:0
BRH:0
end_of_record
TN:
SF:src/constant/default/DefaultPatentNumber.tsx
FN:19,(anonymous_3)
FNF:1
FNH:1
FNDA:4,(anonymous_3)
DA:1,2
DA:2,2
DA:6,2
DA:19,4
DA:21,4
LF:5
LH:5
BRF:0
BRH:0
end_of_record
TN:
SF:src/constant/default/DefaultPatentParagraph.tsx
FN:14,(anonymous_3)
FNF:1
FNH:1
FNDA:12,(anonymous_3)
DA:1,2
DA:2,2
DA:6,2
DA:14,12
DA:16,12
LF:5
LH:5
BRF:0
BRH:0
end_of_record
TN:
SF:src/constant/default/DefaultPatentSection.tsx
FN:13,(anonymous_3)
FNF:1
FNH:1
FNDA:6,(anonymous_3)
DA:1,2
DA:2,2
DA:6,2
DA:13,6
DA:15,6
LF:5
LH:5
BRF:0
BRH:0
end_of_record
TN:
SF:src/constant/default/DefaultPathway.tsx
FN:53,(anonymous_3)
FNF:1
FNH:0
FNDA:0,(anonymous_3)
DA:1,3
DA:2,3
DA:3,3
DA:4,3
DA:8,3
DA:53,3
DA:55,0
LF:7
LH:6
BRF:0
BRH:0
end_of_record
TN:
SF:src/constant/default/DefaultPayment.tsx
FN:15,(anonymous_3)
FNF:1
FNH:0
FNDA:0,(anonymous_3)
DA:1,2
DA:2,2
DA:3,2
DA:7,13
DA:15,2
DA:17,0
LF:6
LH:5
BRF:0
BRH:0
end_of_record
TN:
SF:src/constant/default/DefaultRelationship.tsx
FN:26,(anonymous_3)
FNF:1
FNH:1
FNDA:1,(anonymous_3)
DA:1,2
DA:2,2
DA:3,2
DA:7,2
DA:26,2
DA:28,1
LF:6
LH:6
BRF:0
BRH:0
end_of_record
TN:
SF:src/constant/default/DefaultReport.tsx
FN:15,(anonymous_3)
FNF:1
FNH:0
FNDA:0,(anonymous_3)
DA:1,2
DA:2,2
DA:3,2
DA:7,13
DA:15,2
DA:17,0
LF:6
LH:5
BRF:0
BRH:0
end_of_record
TN:
SF:src/constant/default/DefaultTask.tsx
FN:24,(anonymous_3)
FNF:1
FNH:0
FNDA:0,(anonymous_3)
DA:1,4
DA:2,4
DA:3,4
DA:4,4
DA:5,4
DA:9,13
DA:24,4
DA:26,0
LF:8
LH:7
BRF:0
BRH:0
end_of_record
TN:
SF:src/constant/default/DefaultTranscript.tsx
FN:17,(anonymous_3)
FNF:1
FNH:0
FNDA:0,(anonymous_3)
DA:1,2
DA:2,2
DA:3,2
DA:7,14
DA:17,2
DA:19,0
LF:6
LH:5
BRF:0
BRH:0
end_of_record
TN:
SF:src/constant/default/DefaultUser.tsx
FN:30,(anonymous_3)
FNF:1
FNH:1
FNDA:1,(anonymous_3)
DA:1,4
DA:2,4
DA:3,4
DA:4,4
DA:5,4
DA:9,16
DA:30,4
DA:32,1
LF:8
LH:8
BRF:0
BRH:0
end_of_record
TN:
SF:src/constant/enum/api/ApiActionAuthEnum.tsx
FN:2,(anonymous_1)
FNF:1
FNH:1
FNDA:1,(anonymous_1)
DA:2,1
LF:1
LH:1
BRDA:2,0,0,1
BRDA:2,0,1,1
BRF:2
BRH:2
end_of_record
TN:
SF:src/constant/enum/api/HttpCodes.tsx
FNF:0
FNH:0
DA:5,51
LF:1
LH:1
BRF:0
BRH:0
end_of_record
TN:
SF:src/constant/enum/chat/ChatContentType.tsx
FN:1,(anonymous_1)
FNF:1
FNH:1
FNDA:3,(anonymous_1)
DA:1,3
LF:1
LH:1
BRDA:1,0,0,3
BRDA:1,0,1,3
BRF:2
BRH:2
end_of_record
TN:
SF:src/constant/enum/chat/ContentHeaderLevel.tsx
FN:2,(anonymous_1)
FNF:1
FNH:1
FNDA:3,(anonymous_1)
DA:2,3
LF:1
LH:1
BRDA:2,0,0,3
BRDA:2,0,1,3
BRF:2
BRH:2
end_of_record
TN:
SF:src/constant/enum/chat/ContentListStyle.tsx
FN:1,(anonymous_1)
FNF:1
FNH:1
FNDA:3,(anonymous_1)
DA:1,3
LF:1
LH:1
BRDA:1,0,0,3
BRDA:1,0,1,3
BRF:2
BRH:2
end_of_record
TN:
SF:src/constant/enum/model/AccountTypeEnum.tsx
FN:1,(anonymous_1)
FNF:1
FNH:1
FNDA:47,(anonymous_1)
DA:1,47
LF:1
LH:1
BRDA:1,0,0,47
BRDA:1,0,1,47
BRF:2
BRH:2
end_of_record
TN:
SF:src/constant/enum/model/ActivityTypeEnum.tsx
FN:1,(anonymous_1)
FNF:1
FNH:1
FNDA:47,(anonymous_1)
DA:1,47
LF:1
LH:1
BRDA:1,0,0,47
BRDA:1,0,1,47
BRF:2
BRH:2
end_of_record
TN:
SF:src/constant/enum/model/AnalysisTypeEnum.tsx
FN:1,(anonymous_1)
FNF:1
FNH:1
FNDA:47,(anonymous_1)
DA:1,47
LF:1
LH:1
BRDA:1,0,0,47
BRDA:1,0,1,47
BRF:2
BRH:2
end_of_record
TN:
SF:src/constant/enum/model/AssetTypeEnum.tsx
FN:1,(anonymous_1)
FNF:1
FNH:1
FNDA:47,(anonymous_1)
DA:1,47
LF:1
LH:1
BRDA:1,0,0,47
BRDA:1,0,1,47
BRF:2
BRH:2
end_of_record
TN:
SF:src/constant/enum/model/ChatConditionStateEnum.tsx
FN:1,(anonymous_1)
FNF:1
FNH:1
FNDA:1,(anonymous_1)
DA:1,1
LF:1
LH:1
BRDA:1,0,0,1
BRDA:1,0,1,1
BRF:2
BRH:2
end_of_record
TN:
SF:src/constant/enum/model/ChatTypeEnum.tsx
FN:1,(anonymous_1)
FNF:1
FNH:1
FNDA:47,(anonymous_1)
DA:1,47
LF:1
LH:1
BRDA:1,0,0,47
BRDA:1,0,1,47
BRF:2
BRH:2
end_of_record
TN:
SF:src/constant/enum/model/CompletionEntityTypeEnum.tsx
FN:1,(anonymous_1)
FNF:1
FNH:1
FNDA:2,(anonymous_1)
DA:1,2
LF:1
LH:1
BRDA:1,0,0,2
BRDA:1,0,1,2
BRF:2
BRH:2
end_of_record
TN:
SF:src/constant/enum/model/ContactTypeEnum.tsx
FN:1,(anonymous_1)
FNF:1
FNH:1
FNDA:47,(anonymous_1)
DA:1,47
LF:1
LH:1
BRDA:1,0,0,47
BRDA:1,0,1,47
BRF:2
BRH:2
end_of_record
TN:
SF:src/constant/enum/model/DocumentTypeEnum.tsx
FN:1,(anonymous_1)
FNF:1
FNH:1
FNDA:47,(anonymous_1)
DA:1,47
LF:1
LH:1
BRDA:1,0,0,47
BRDA:1,0,1,47
BRF:2
BRH:2
end_of_record
TN:
SF:src/constant/enum/model/EventTypeEnum.tsx
FN:2,(anonymous_1)
FNF:1
FNH:1
FNDA:47,(anonymous_1)
DA:2,47
LF:1
LH:1
BRDA:2,0,0,47
BRDA:2,0,1,47
BRF:2
BRH:2
end_of_record
TN:
SF:src/constant/enum/model/ExtractSourceTypeEnum.tsx
FN:1,(anonymous_1)
FNF:1
FNH:1
FNDA:3,(anonymous_1)
DA:1,3
LF:1
LH:1
BRDA:1,0,0,3
BRDA:1,0,1,3
BRF:2
BRH:2
end_of_record
TN:
SF:src/constant/enum/model/GenericTypeEnum.tsx
FN:2,(anonymous_1)
FNF:1
FNH:1
FNDA:48,(anonymous_1)
DA:2,48
LF:1
LH:1
BRDA:2,0,0,48
BRDA:2,0,1,48
BRF:2
BRH:2
end_of_record
TN:
SF:src/constant/enum/model/InvoiceTypeEnum.tsx
FN:2,(anonymous_1)
FNF:1
FNH:1
FNDA:47,(anonymous_1)
DA:2,47
LF:1
LH:1
BRDA:2,0,0,47
BRDA:2,0,1,47
BRF:2
BRH:2
end_of_record
TN:
SF:src/constant/enum/model/JobTypeEnum.tsx
FN:1,(anonymous_1)
FNF:1
FNH:1
FNDA:47,(anonymous_1)
DA:1,47
LF:1
LH:1
BRDA:1,0,0,47
BRDA:1,0,1,47
BRF:2
BRH:2
end_of_record
TN:
SF:src/constant/enum/model/LocationTypeEnum.tsx
FN:2,(anonymous_1)
FNF:1
FNH:1
FNDA:47,(anonymous_1)
DA:2,47
LF:1
LH:1
BRDA:2,0,0,47
BRDA:2,0,1,47
BRF:2
BRH:2
end_of_record
TN:
SF:src/constant/enum/model/MessageTypeEnum.tsx
FN:1,(anonymous_1)
FNF:1
FNH:1
FNDA:47,(anonymous_1)
DA:1,47
LF:1
LH:1
BRDA:1,0,0,47
BRDA:1,0,1,47
BRF:2
BRH:2
end_of_record
TN:
SF:src/constant/enum/model/MilestoneStatusTypeEnum.tsx
FN:1,(anonymous_1)
FNF:1
FNH:1
FNDA:47,(anonymous_1)
DA:1,47
LF:1
LH:1
BRDA:1,0,0,47
BRDA:1,0,1,47
BRF:2
BRH:2
end_of_record
TN:
SF:src/constant/enum/model/MilestoneTypeEnum.tsx
FN:1,(anonymous_1)
FNF:1
FNH:1
FNDA:47,(anonymous_1)
DA:1,47
LF:1
LH:1
BRDA:1,0,0,47
BRDA:1,0,1,47
BRF:2
BRH:2
end_of_record
TN:
SF:src/constant/enum/model/ModelTypeEnum.tsx
FN:1,(anonymous_1)
FNF:1
FNH:1
FNDA:49,(anonymous_1)
DA:1,49
LF:1
LH:1
BRDA:1,0,0,49
BRDA:1,0,1,49
BRF:2
BRH:2
end_of_record
TN:
SF:src/constant/enum/model/ObjectiveTypeEnum.tsx
FN:2,(anonymous_1)
FNF:1
FNH:1
FNDA:47,(anonymous_1)
DA:2,47
LF:1
LH:1
BRDA:2,0,0,47
BRDA:2,0,1,47
BRF:2
BRH:2
end_of_record
TN:
SF:src/constant/enum/model/PatentClaimTypeEnum.tsx
FN:1,(anonymous_1)
FNF:1
FNH:1
FNDA:3,(anonymous_1)
DA:1,3
LF:1
LH:1
BRDA:1,0,0,3
BRDA:1,0,1,3
BRF:2
BRH:2
end_of_record
TN:
SF:src/constant/enum/model/PatentClassificationSystemEnum.tsx
FN:1,(anonymous_1)
FNF:1
FNH:1
FNDA:3,(anonymous_1)
DA:1,3
LF:1
LH:1
BRDA:1,0,0,3
BRDA:1,0,1,3
BRF:2
BRH:2
end_of_record
TN:
SF:src/constant/enum/model/PatentTransitionalPhraseEnum.tsx
FN:1,(anonymous_1)
FNF:1
FNH:1
FNDA:3,(anonymous_1)
DA:1,3
LF:1
LH:1
BRDA:1,0,0,3
BRDA:1,0,1,3
BRF:2
BRH:2
end_of_record
TN:
SF:src/constant/enum/model/PathwayStatusTypeEnum.tsx
FN:1,(anonymous_1)
FNF:1
FNH:1
FNDA:47,(anonymous_1)
DA:1,47
LF:1
LH:1
BRDA:1,0,0,47
BRDA:1,0,1,47
BRF:2
BRH:2
end_of_record
TN:
SF:src/constant/enum/model/PathwayTypeEnum.tsx
FN:1,(anonymous_1)
FNF:1
FNH:1
FNDA:47,(anonymous_1)
DA:1,47
LF:1
LH:1
BRDA:1,0,0,47
BRDA:1,0,1,47
BRF:2
BRH:2
end_of_record
TN:
SF:src/constant/enum/model/PaymentTypeEnum.tsx
FN:2,(anonymous_1)
FNF:1
FNH:1
FNDA:47,(anonymous_1)
DA:2,47
LF:1
LH:1
BRDA:2,0,0,47
BRDA:2,0,1,47
BRF:2
BRH:2
end_of_record
TN:
SF:src/constant/enum/model/RelationshipTypeEnum.tsx
FN:1,(anonymous_3)
FNF:1
FNH:1
FNDA:48,(anonymous_3)
DA:1,48
DA:19,3
LF:2
LH:2
BRDA:1,0,0,48
BRDA:1,0,1,48
BRF:2
BRH:2
end_of_record
TN:
SF:src/constant/enum/model/ReportTypeEnum.tsx
FN:1,(anonymous_1)
FNF:1
FNH:1
FNDA:47,(anonymous_1)
DA:1,47
LF:1
LH:1
BRDA:1,0,0,47
BRDA:1,0,1,47
BRF:2
BRH:2
end_of_record
TN:
SF:src/constant/enum/model/ReviewStatusTypeEnum.tsx
FN:2,(anonymous_1)
FNF:1
FNH:1
FNDA:48,(anonymous_1)
DA:2,48
LF:1
LH:1
BRDA:2,0,0,48
BRDA:2,0,1,48
BRF:2
BRH:2
end_of_record
TN:
SF:src/constant/enum/model/TaskStatusTypeEnum.tsx
FN:1,(anonymous_1)
FNF:1
FNH:1
FNDA:47,(anonymous_1)
DA:1,47
LF:1
LH:1
BRDA:1,0,0,47
BRDA:1,0,1,47
BRF:2
BRH:2
end_of_record
TN:
SF:src/constant/enum/model/TaskTypeEnum.tsx
FN:2,(anonymous_1)
FNF:1
FNH:1
FNDA:47,(anonymous_1)
DA:2,47
LF:1
LH:1
BRDA:2,0,0,47
BRDA:2,0,1,47
BRF:2
BRH:2
end_of_record
TN:
SF:src/constant/enum/model/TextCompletionResponseFormatEnum.tsx
FN:1,(anonymous_1)
FNF:1
FNH:1
FNDA:3,(anonymous_1)
DA:1,3
LF:1
LH:1
BRDA:1,0,0,3
BRDA:1,0,1,3
BRF:2
BRH:2
end_of_record
TN:
SF:src/constant/enum/model/TranscriptTypeEnum.tsx
FN:2,(anonymous_1)
FNF:1
FNH:1
FNDA:5,(anonymous_1)
DA:2,5
LF:1
LH:1
BRDA:2,0,0,5
BRDA:2,0,1,5
BRF:2
BRH:2
end_of_record
TN:
SF:src/constant/enum/model/UserTypeEnum.tsx
FN:1,(anonymous_1)
FNF:1
FNH:1
FNDA:49,(anonymous_1)
DA:1,49
LF:1
LH:1
BRDA:1,0,0,49
BRDA:1,0,1,49
BRF:2
BRH:2
end_of_record
TN:
SF:src/constant/enum/server/ErrorTypeEnum.tsx
FN:2,(anonymous_1)
FNF:1
FNH:1
FNDA:3,(anonymous_1)
DA:2,3
LF:1
LH:1
BRDA:2,0,0,3
BRDA:2,0,1,3
BRF:2
BRH:2
end_of_record
TN:
SF:src/constant/enum/server/EventLogSubTypeEnum.tsx
FN:1,(anonymous_1)
FNF:1
FNH:1
FNDA:47,(anonymous_1)
DA:1,47
LF:1
LH:1
BRDA:1,0,0,47
BRDA:1,0,1,47
BRF:2
BRH:2
end_of_record
TN:
SF:src/constant/enum/server/EventLogTypeEnum.tsx
FN:1,(anonymous_1)
FNF:1
FNH:1
FNDA:47,(anonymous_1)
DA:1,47
LF:1
LH:1
BRDA:1,0,0,47
BRDA:1,0,1,47
BRF:2
BRH:2
end_of_record
TN:
SF:src/constant/enum/server/HttpMethodEnum.tsx
FN:1,(anonymous_1)
FNF:1
FNH:1
FNDA:1,(anonymous_1)
DA:1,1
LF:1
LH:1
BRDA:1,0,0,1
BRDA:1,0,1,1
BRF:2
BRH:2
end_of_record
TN:
SF:src/constant/enum/server/LogConsoleTypeEnum.tsx
FN:2,(anonymous_1)
FNF:1
FNH:1
FNDA:3,(anonymous_1)
DA:2,3
LF:1
LH:1
BRDA:2,0,0,3
BRDA:2,0,1,3
BRF:2
BRH:2
end_of_record
TN:
SF:src/constant/enum/server/ModelSelectTypeEnum.tsx
FN:1,(anonymous_1)
FNF:1
FNH:1
FNDA:4,(anonymous_1)
DA:1,4
LF:1
LH:1
BRDA:1,0,0,4
BRDA:1,0,1,4
BRF:2
BRH:2
end_of_record
TN:
SF:src/constant/enum/server/business/AuthTypeEnum.tsx
FN:1,(anonymous_1)
FNF:1
FNH:1
FNDA:1,(anonymous_1)
DA:1,1
LF:1
LH:1
BRDA:1,0,0,1
BRDA:1,0,1,1
BRF:2
BRH:2
end_of_record
TN:
SF:src/constant/enum/server/business/CheckoutSessionTypeEnum.tsx
FN:1,(anonymous_1)
FNF:1
FNH:1
FNDA:1,(anonymous_1)
DA:1,1
LF:1
LH:1
BRDA:1,0,0,1
BRDA:1,0,1,1
BRF:2
BRH:2
end_of_record
TN:
SF:src/constant/enum/server/business/CheckoutStatusTypeEnum.tsx
FN:1,(anonymous_1)
FNF:1
FNH:1
FNDA:1,(anonymous_1)
DA:1,1
LF:1
LH:1
BRDA:1,0,0,1
BRDA:1,0,1,1
BRF:2
BRH:2
end_of_record
TN:
SF:src/constant/enum/server/business/LanguageModelEnum.tsx
FN:2,(anonymous_1)
FNF:1
FNH:1
FNDA:1,(anonymous_1)
DA:2,1
LF:1
LH:1
BRDA:2,0,0,1
BRDA:2,0,1,1
BRF:2
BRH:2
end_of_record
TN:
SF:src/constant/enum/server/business/PlanTypeEnum.tsx
FN:1,(anonymous_1)
FNF:1
FNH:1
FNDA:48,(anonymous_1)
DA:1,48
LF:1
LH:1
BRDA:1,0,0,48
BRDA:1,0,1,48
BRF:2
BRH:2
end_of_record
TN:
SF:src/constant/enum/server/business/SubscriptionStatusType.tsx
FN:1,(anonymous_1)
FNF:1
FNH:1
FNDA:47,(anonymous_1)
DA:1,47
LF:1
LH:1
BRDA:1,0,0,47
BRDA:1,0,1,47
BRF:2
BRH:2
end_of_record
TN:
SF:src/constant/enum/server/service/ContentRefactorServiceTypeEnum.tsx
FN:1,(anonymous_1)
FNF:1
FNH:1
FNDA:1,(anonymous_1)
DA:1,1
LF:1
LH:1
BRDA:1,0,0,1
BRDA:1,0,1,1
BRF:2
BRH:2
end_of_record
TN:
SF:src/constant/enum/server/service/DocumentAnalysisStatusEnum.tsx
FN:1,(anonymous_1)
FNF:1
FNH:1
FNDA:3,(anonymous_1)
DA:1,3
LF:1
LH:1
BRDA:1,0,0,3
BRDA:1,0,1,3
BRF:2
BRH:2
end_of_record
TN:
SF:src/constant/enum/server/service/EntityExtractServiceTypeEnum.tsx
FN:1,(anonymous_1)
FNF:1
FNH:1
FNDA:1,(anonymous_1)
DA:1,1
LF:1
LH:1
BRDA:1,0,0,1
BRDA:1,0,1,1
BRF:2
BRH:2
end_of_record
TN:
SF:src/constant/enum/server/service/FileExtractIndexStatusTypeEnum.tsx
FNF:0
FNH:0
DA:1,3
DA:2,3
DA:5,5
LF:3
LH:3
BRF:0
BRH:0
end_of_record
TN:
SF:src/constant/enum/server/service/FileExtractServiceTypeEnum.tsx
FN:1,(anonymous_1)
FNF:1
FNH:1
FNDA:3,(anonymous_1)
DA:1,3
LF:1
LH:1
BRDA:1,0,0,3
BRDA:1,0,1,3
BRF:2
BRH:2
end_of_record
TN:
SF:src/constant/enum/server/service/NotificationServiceTypeEnum.tsx
FN:1,(anonymous_1)
FNF:1
FNH:1
FNDA:3,(anonymous_1)
DA:1,3
LF:1
LH:1
BRDA:1,0,0,3
BRDA:1,0,1,3
BRF:2
BRH:2
end_of_record
TN:
SF:src/constant/enum/server/service/TextCompletionAnalysisStatusEnum.tsx
FN:1,(anonymous_1)
FNF:1
FNH:1
FNDA:3,(anonymous_1)
DA:1,3
LF:1
LH:1
BRDA:1,0,0,3
BRDA:1,0,1,3
BRF:2
BRH:2
end_of_record
TN:
SF:src/constant/enum/server/service/TextCompletionServiceTypeEnum.ts
FN:1,(anonymous_1)
FNF:1
FNH:1
FNDA:3,(anonymous_1)
DA:1,3
LF:1
LH:1
BRDA:1,0,0,3
BRDA:1,0,1,3
BRF:2
BRH:2
end_of_record
TN:
SF:src/constant/enum/ui/AsideStatusTypeEnum.tsx
FN:1,(anonymous_1)
FNF:1
FNH:1
FNDA:1,(anonymous_1)
DA:1,1
LF:1
LH:1
BRDA:1,0,0,1
BRDA:1,0,1,1
BRF:2
BRH:2
end_of_record
TN:
SF:src/constant/enum/ui/BrandingTypeEnum.tsx
FN:1,(anonymous_1)
FNF:1
FNH:1
FNDA:1,(anonymous_1)
DA:1,1
LF:1
LH:1
BRDA:1,0,0,1
BRDA:1,0,1,1
BRF:2
BRH:2
end_of_record
TN:
SF:src/constant/enum/ui/ComposeDialogTypeEnum.tsx
FN:1,(anonymous_1)
FNF:1
FNH:1
FNDA:1,(anonymous_1)
DA:1,1
LF:1
LH:1
BRDA:1,0,0,1
BRDA:1,0,1,1
BRF:2
BRH:2
end_of_record
TN:
SF:src/constant/enum/ui/ControlModeTypeEnum.tsx
FN:1,(anonymous_1)
FNF:1
FNH:1
FNDA:1,(anonymous_1)
DA:1,1
LF:1
LH:1
BRDA:1,0,0,1
BRDA:1,0,1,1
BRF:2
BRH:2
end_of_record
TN:
SF:src/constant/enum/ui/DialogActionButtonTypeEnum.tsx
FN:1,(anonymous_1)
FNF:1
FNH:1
FNDA:1,(anonymous_1)
DA:1,1
LF:1
LH:1
BRDA:1,0,0,1
BRDA:1,0,1,1
BRF:2
BRH:2
end_of_record
TN:
SF:src/constant/enum/ui/DialogModalStateTypeEnum.tsx
FN:1,(anonymous_1)
FNF:1
FNH:1
FNDA:1,(anonymous_1)
DA:1,1
LF:1
LH:1
BRDA:1,0,0,1
BRDA:1,0,1,1
BRF:2
BRH:2
end_of_record
TN:
SF:src/constant/enum/ui/DialogPositionTypeEnum.tsx
FN:1,(anonymous_1)
FNF:1
FNH:1
FNDA:1,(anonymous_1)
DA:1,1
LF:1
LH:1
BRDA:1,0,0,1
BRDA:1,0,1,1
BRF:2
BRH:2
end_of_record
TN:
SF:src/constant/enum/ui/GraphNodeGroupTypeEnum.tsx
FN:2,(anonymous_1)
FNF:1
FNH:1
FNDA:1,(anonymous_1)
DA:2,1
LF:1
LH:1
BRDA:2,0,0,1
BRDA:2,0,1,1
BRF:2
BRH:2
end_of_record
TN:
SF:src/constant/enum/ui/IconNameEnum.tsx
FN:1,(anonymous_1)
FNF:1
FNH:1
FNDA:6,(anonymous_1)
DA:1,6
LF:1
LH:1
BRDA:1,0,0,6
BRDA:1,0,1,6
BRF:2
BRH:2
end_of_record
TN:
SF:src/constant/enum/ui/IconSizeEnum.tsx
FN:2,(anonymous_1)
FNF:1
FNH:1
FNDA:1,(anonymous_1)
DA:2,1
LF:1
LH:1
BRDA:2,0,0,1
BRDA:2,0,1,1
BRF:2
BRH:2
end_of_record
TN:
SF:src/constant/enum/ui/PostCreateBehaviorTypeEnum.tsx
FN:1,(anonymous_1)
FNF:1
FNH:1
FNDA:1,(anonymous_1)
DA:1,1
LF:1
LH:1
BRDA:1,0,0,1
BRDA:1,0,1,1
BRF:2
BRH:2
end_of_record
TN:
SF:src/constant/enum/ui/RouteGroupTypeEnum.tsx
FN:1,(anonymous_1)
FNF:1
FNH:1
FNDA:6,(anonymous_1)
DA:1,6
LF:1
LH:1
BRDA:1,0,0,6
BRDA:1,0,1,6
BRF:2
BRH:2
end_of_record
TN:
SF:src/constant/enum/ui/SingleServeSiteTypeEnum.tsx
FN:2,(anonymous_1)
FNF:1
FNH:1
FNDA:1,(anonymous_1)
DA:2,1
LF:1
LH:1
BRDA:2,0,0,1
BRDA:2,0,1,1
BRF:2
BRH:2
end_of_record
TN:
SF:src/constant/enum/ui/TaskPositionTypeEnum.tsx
FN:1,(anonymous_1)
FNF:1
FNH:1
FNDA:1,(anonymous_1)
DA:1,1
LF:1
LH:1
BRDA:1,0,0,1
BRDA:1,0,1,1
BRF:2
BRH:2
end_of_record
TN:
SF:src/constant/enum/ui/TemplateHeaderPositionTypeEnum.tsx
FN:1,(anonymous_1)
FNF:1
FNH:1
FNDA:1,(anonymous_1)
DA:1,1
LF:1
LH:1
BRDA:1,0,0,1
BRDA:1,0,1,1
BRF:2
BRH:2
end_of_record
TN:
SF:src/constant/enum/ui/TemplateNavbarPositionTypeEnum.tsx
FN:1,(anonymous_1)
FNF:1
FNH:1
FNDA:1,(anonymous_1)
DA:1,1
LF:1
LH:1
BRDA:1,0,0,1
BRDA:1,0,1,1
BRF:2
BRH:2
end_of_record
TN:
SF:src/constant/enum/ui/TemplateVisibilityTypeEnum.tsx
FN:2,(anonymous_1)
FNF:1
FNH:1
FNDA:1,(anonymous_1)
DA:2,1
LF:1
LH:1
BRDA:2,0,0,1
BRDA:2,0,1,1
BRF:2
BRH:2
end_of_record
TN:
SF:src/constant/enum/ui/TriageLevelTypeEnum.tsx
FN:1,(anonymous_1)
FNF:1
FNH:1
FNDA:1,(anonymous_1)
DA:1,1
LF:1
LH:1
BRDA:1,0,0,1
BRDA:1,0,1,1
BRF:2
BRH:2
end_of_record
TN:
SF:src/constant/enum/ui/WeatherEventTypeEnum.tsx
FN:1,(anonymous_1)
FNF:1
FNH:1
FNDA:1,(anonymous_1)
DA:1,1
LF:1
LH:1
BRDA:1,0,0,1
BRDA:1,0,1,1
BRF:2
BRH:2
end_of_record
TN:
SF:src/constant/enum/ui/WorkspaceTabEnum.tsx
FN:2,(anonymous_1)
FNF:1
FNH:1
FNDA:1,(anonymous_1)
DA:2,1
LF:1
LH:1
BRDA:2,0,0,1
BRDA:2,0,1,1
BRF:2
BRH:2
end_of_record
TN:
SF:src/constant/framework/ColorTheme.tsx
FN:1,(anonymous_1)
FNF:1
FNH:1
FNDA:2,(anonymous_1)
DA:1,2
LF:1
LH:1
BRDA:1,0,0,2
BRDA:1,0,1,2
BRF:2
BRH:2
end_of_record
TN:
SF:src/constant/framework/MakeConstant.tsx
FN:4,(anonymous_1)
FN:5,(anonymous_2)
FNF:2
FNH:2
FNDA:5,(anonymous_1)
FNDA:5,(anonymous_2)
DA:1,3
DA:4,5
DA:5,5
LF:3
LH:3
BRDA:4,0,0,0
BRF:1
BRH:0
end_of_record
TN:
SF:src/constant/framework/MockPatentModel.tsx
FNF:0
FNH:0
DA:1,2
DA:2,2
DA:3,2
DA:4,2
DA:5,2
DA:6,2
DA:7,2
DA:8,2
DA:9,2
DA:10,2
DA:11,2
DA:12,2
DA:13,2
DA:14,2
DA:20,2
LF:15
LH:15
BRF:0
BRH:0
end_of_record
TN:
SF:src/constant/framework/Namespace.tsx
FNF:0
FNH:0
DA:2,3
LF:1
LH:1
BRF:0
BRH:0
end_of_record
TN:
SF:src/constant/framework/Pusher.tsx
FNF:0
FNH:0
DA:1,2
DA:2,2
LF:2
LH:2
BRF:0
BRH:0
end_of_record
TN:
SF:src/constant/framework/RouteConfig.tsx
FNF:0
FNH:0
DA:2,5
DA:4,5
DA:5,5
DA:8,11
LF:4
LH:4
BRF:0
BRH:0
end_of_record
TN:
SF:src/constant/framework/ScreenSize.tsx
FN:1,(anonymous_1)
FNF:1
FNH:1
FNDA:3,(anonymous_1)
DA:1,3
LF:1
LH:1
BRDA:1,0,0,3
BRDA:1,0,1,3
BRF:2
BRH:2
end_of_record
TN:
SF:src/constant/framework/SpecialId.tsx
FN:8,(anonymous_1)
FNF:1
FNH:1
FNDA:2,(anonymous_1)
DA:1,4
DA:4,15
DA:8,2
LF:3
LH:3
BRDA:8,0,0,1
BRF:1
BRH:1
end_of_record
TN:
SF:src/constant/route/DebugHubRouteList.tsx
FN:7,(anonymous_1)
FN:8,(anonymous_2)
FNF:2
FNH:2
FNDA:69,(anonymous_1)
FNDA:24,(anonymous_2)
DA:1,1
DA:2,1
DA:5,1
DA:7,69
DA:8,24
LF:5
LH:5
BRF:0
BRH:0
end_of_record
TN:
SF:src/constant/route/PassThroughSubdomainList.tsx
FNF:0
FNH:0
DA:1,1
LF:1
LH:1
BRF:0
BRH:0
end_of_record
TN:
SF:src/constant/route/PrivateHeaderRouteList.tsx
FN:7,(anonymous_1)
FN:8,(anonymous_2)
FNF:2
FNH:1
FNDA:69,(anonymous_1)
FNDA:0,(anonymous_2)
DA:1,1
DA:2,1
DA:5,1
DA:7,69
DA:8,0
LF:5
LH:4
BRF:0
BRH:0
end_of_record
TN:
SF:src/constant/route/PublicFooterRouteList.tsx
FN:7,(anonymous_1)
FN:8,(anonymous_2)
FNF:2
FNH:2
FNDA:69,(anonymous_1)
FNDA:5,(anonymous_2)
DA:1,1
DA:2,1
DA:5,1
DA:7,69
DA:8,5
LF:5
LH:5
BRF:0
BRH:0
end_of_record
TN:
SF:src/constant/route/PublicHeaderRouteList.tsx
FN:7,(anonymous_1)
FN:8,(anonymous_2)
FNF:2
FNH:2
FNDA:69,(anonymous_1)
FNDA:6,(anonymous_2)
DA:1,1
DA:2,1
DA:5,1
DA:7,69
DA:8,6
LF:5
LH:5
BRF:0
BRH:0
end_of_record
TN:
SF:src/constant/route/RouteHref.tsx
FN:1,(anonymous_1)
FNF:1
FNH:1
FNDA:6,(anonymous_1)
DA:1,6
LF:1
LH:1
BRDA:1,0,0,6
BRDA:1,0,1,6
BRF:2
BRH:2
end_of_record
TN:
SF:src/pages/api/exception.tsx
FN:20,(anonymous_1)
FN:11,(anonymous_2)
FN:36,(anonymous_3)
FN:44,(anonymous_4)
FN:52,(anonymous_5)
FN:60,(anonymous_6)
FN:68,(anonymous_7)
FN:76,(anonymous_8)
FN:84,(anonymous_9)
FN:92,(anonymous_10)
FN:100,(anonymous_11)
FN:108,(anonymous_12)
FNF:12
FNH:2
FNDA:10,(anonymous_1)
FNDA:0,(anonymous_2)
FNDA:0,(anonymous_3)
FNDA:0,(anonymous_4)
FNDA:0,(anonymous_5)
FNDA:0,(anonymous_6)
FNDA:8,(anonymous_7)
FNDA:0,(anonymous_8)
FNDA:0,(anonymous_9)
FNDA:0,(anonymous_10)
FNDA:0,(anonymous_11)
FNDA:0,(anonymous_12)
DA:2,50
DA:6,12
DA:11,10
DA:12,0
DA:26,10
DA:28,10
DA:29,10
DA:30,10
DA:31,10
DA:41,0
DA:49,0
DA:57,0
DA:65,0
DA:73,8
DA:81,0
DA:89,0
DA:97,0
DA:105,0
DA:113,0
LF:19
LH:9
BRDA:23,0,0,1
BRDA:24,1,0,1
BRDA:37,2,0,0
BRDA:38,3,0,0
BRDA:39,4,0,0
BRDA:45,5,0,0
BRDA:46,6,0,0
BRDA:47,7,0,0
BRDA:53,8,0,0
BRDA:54,9,0,0
BRDA:55,10,0,0
BRDA:61,11,0,0
BRDA:62,12,0,0
BRDA:63,13,0,0
BRDA:69,14,0,0
BRDA:70,15,0,0
BRDA:71,16,0,8
BRDA:77,17,0,0
BRDA:78,18,0,0
BRDA:79,19,0,0
BRDA:85,20,0,0
BRDA:86,21,0,0
BRDA:87,22,0,0
BRDA:93,23,0,0
BRDA:94,24,0,0
BRDA:95,25,0,0
BRDA:101,26,0,0
BRDA:102,27,0,0
BRDA:103,28,0,0
BRDA:109,29,0,0
BRDA:110,30,0,0
BRDA:111,31,0,0
BRF:32
BRH:3
end_of_record
TN:
SF:src/server/AI/Prompt.tsx
FN:8,(anonymous_1)
FN:13,(anonymous_2)
FN:16,(anonymous_3)
FN:136,(anonymous_4)
FN:139,(anonymous_5)
FNF:5
FNH:3
FNDA:118,(anonymous_1)
FNDA:105,(anonymous_2)
FNDA:107,(anonymous_3)
FNDA:0,(anonymous_4)
FNDA:0,(anonymous_5)
DA:3,118
DA:9,118
DA:10,118
DA:14,105
DA:16,105
DA:17,107
DA:18,107
DA:19,2
DA:21,105
DA:24,105
DA:25,105
DA:26,365
DA:28,365
DA:29,108
DA:32,108
DA:33,0
DA:34,0
DA:35,0
DA:38,108
DA:40,107
DA:42,107
DA:45,33
DA:46,2
DA:47,31
DA:48,22
DA:49,9
DA:50,9
DA:53,0
DA:54,0
DA:56,0
DA:57,33
DA:60,0
DA:61,0
DA:63,6
DA:64,6
DA:67,2
DA:68,2
DA:71,0
DA:72,0
DA:75,0
DA:76,0
DA:77,0
DA:80,2
DA:81,2
DA:83,2
DA:84,2
DA:86,1
DA:87,1
DA:89,2
DA:90,2
DA:92,32
DA:93,32
DA:95,18
DA:96,2
DA:98,16
DA:99,18
DA:101,0
DA:102,0
DA:104,0
DA:105,0
DA:107,4
DA:108,4
DA:110,0
DA:111,0
DA:113,0
DA:114,0
DA:116,5
DA:117,5
DA:123,107
DA:125,1
DA:128,257
DA:132,105
DA:137,0
DA:139,0
DA:140,0
DA:141,0
DA:142,0
DA:144,0
DA:147,0
DA:148,0
DA:149,0
DA:151,0
DA:152,0
DA:155,0
DA:156,0
DA:157,0
DA:158,0
DA:161,0
DA:162,0
DA:163,0
DA:164,0
DA:166,0
DA:168,0
DA:171,0
DA:172,0
DA:173,0
DA:174,0
DA:175,0
DA:176,0
DA:179,0
DA:180,0
DA:182,0
DA:183,0
DA:186,0
DA:187,0
DA:189,0
DA:190,0
DA:193,0
DA:194,0
DA:198,0
DA:199,0
DA:200,0
DA:203,0
DA:204,0
DA:206,0
DA:207,0
DA:209,0
DA:210,0
DA:212,0
DA:213,0
DA:215,0
DA:216,0
DA:218,0
DA:219,0
DA:221,0
DA:222,0
DA:224,0
DA:225,0
DA:227,0
DA:228,0
DA:230,0
DA:231,0
DA:234,0
DA:238,0
DA:242,0
DA:246,0
LF:136
LH:51
BRDA:18,0,0,2
BRDA:28,1,0,108
BRDA:28,1,1,257
BRDA:32,2,0,0
BRDA:38,3,0,107
BRDA:38,3,1,1
BRDA:42,4,0,32
BRDA:42,4,1,33
BRDA:42,4,2,0
BRDA:42,4,3,6
BRDA:42,4,4,2
BRDA:42,4,5,2
BRDA:42,4,6,0
BRDA:42,4,7,0
BRDA:42,4,8,2
BRDA:42,4,9,2
BRDA:42,4,10,1
BRDA:42,4,11,2
BRDA:42,4,12,32
BRDA:42,4,13,18
BRDA:42,4,14,0
BRDA:42,4,15,4
BRDA:42,4,16,0
BRDA:42,4,17,5
BRDA:45,5,0,2
BRDA:45,5,1,31
BRDA:45,6,0,33
BRDA:45,6,1,32
BRDA:47,7,0,22
BRDA:47,7,1,9
BRDA:49,8,0,9
BRDA:49,8,1,0
BRDA:53,9,0,0
BRDA:53,9,1,0
BRDA:71,10,0,0
BRDA:71,10,1,0
BRDA:71,11,0,0
BRDA:71,11,1,0
BRDA:75,12,0,0
BRDA:95,13,0,2
BRDA:95,13,1,16
BRDA:95,14,0,18
BRDA:95,14,1,17
BRDA:101,15,0,0
BRDA:101,15,1,0
BRDA:101,16,0,0
BRDA:101,16,1,0
BRDA:107,17,0,3
BRDA:107,17,1,1
BRDA:110,18,0,0
BRDA:110,18,1,0
BRDA:110,19,0,0
BRDA:110,19,1,0
BRDA:141,20,0,0
BRDA:151,21,0,0
BRDA:151,21,1,0
BRDA:155,22,0,0
BRDA:161,23,0,0
BRDA:162,24,0,0
BRDA:162,24,1,0
BRDA:168,25,0,0
BRDA:168,25,1,0
BRDA:168,25,2,0
BRDA:168,25,3,0
BRDA:168,25,4,0
BRDA:168,25,5,0
BRDA:168,25,6,0
BRDA:168,25,7,0
BRDA:168,25,8,0
BRDA:168,25,9,0
BRDA:168,25,10,0
BRDA:168,25,11,0
BRDA:168,25,12,0
BRDA:168,25,13,0
BRDA:168,25,14,0
BRDA:168,25,15,0
BRDA:168,25,16,0
BRDA:168,25,17,0
BRDA:168,25,18,0
BRDA:171,26,0,0
BRDA:171,26,1,0
BRDA:171,27,0,0
BRDA:171,27,1,0
BRDA:173,28,0,0
BRDA:173,28,1,0
BRDA:175,29,0,0
BRDA:175,29,1,0
BRDA:179,30,0,0
BRDA:179,30,1,0
BRDA:198,31,0,0
BRDA:224,32,0,0
BRDA:224,32,1,0
BRF:92
BRH:31
end_of_record
TN:
SF:src/server/Convert/ConvertAccount.tsx
FN:18,(anonymous_1)
FN:26,(anonymous_2)
FN:31,(anonymous_3)
FN:35,(anonymous_4)
FN:40,(anonymous_5)
FN:55,(anonymous_6)
FN:67,(anonymous_7)
FNF:7
FNH:2
FNDA:0,(anonymous_1)
FNDA:0,(anonymous_2)
FNDA:0,(anonymous_3)
FNDA:0,(anonymous_4)
FNDA:16,(anonymous_5)
FNDA:2,(anonymous_6)
FNDA:0,(anonymous_7)
DA:1,46
DA:2,46
DA:4,46
DA:9,46
DA:15,46
DA:18,46
DA:22,0
DA:26,46
DA:29,0
DA:31,46
DA:35,0
DA:40,46
DA:55,46
DA:67,46
DA:72,0
DA:74,0
DA:76,0
DA:80,0
DA:82,0
DA:84,0
DA:86,0
DA:88,0
DA:91,46
LF:23
LH:12
BRDA:20,0,0,0
BRDA:22,1,0,0
BRDA:22,1,1,0
BRDA:33,2,0,0
BRDA:40,3,0,0
BRDA:55,4,0,0
BRDA:60,5,0,2
BRDA:60,5,1,2
BRDA:69,6,0,0
BRDA:74,7,0,0
BRDA:74,7,1,0
BRDA:76,8,0,0
BRDA:76,8,1,0
BRDA:86,9,0,0
BRF:14
BRH:2
end_of_record
TN:
SF:src/server/Convert/ConvertActivity.tsx
FN:18,(anonymous_1)
FN:26,(anonymous_2)
FN:31,(anonymous_3)
FN:35,(anonymous_4)
FN:40,(anonymous_5)
FN:55,(anonymous_6)
FN:68,(anonymous_7)
FNF:7
FNH:2
FNDA:0,(anonymous_1)
FNDA:0,(anonymous_2)
FNDA:0,(anonymous_3)
FNDA:0,(anonymous_4)
FNDA:16,(anonymous_5)
FNDA:2,(anonymous_6)
FNDA:0,(anonymous_7)
DA:1,46
DA:2,46
DA:3,46
DA:9,46
DA:15,46
DA:18,46
DA:22,0
DA:26,46
DA:29,0
DA:31,46
DA:35,0
DA:40,46
DA:55,46
DA:68,46
DA:73,0
DA:75,0
DA:77,0
DA:79,0
DA:81,0
DA:83,0
DA:85,0
DA:87,0
DA:89,0
DA:92,46
LF:24
LH:12
BRDA:20,0,0,0
BRDA:22,1,0,0
BRDA:22,1,1,0
BRDA:33,2,0,0
BRDA:40,3,0,0
BRDA:55,4,0,0
BRDA:61,5,0,2
BRDA:61,5,1,2
BRDA:70,6,0,0
BRDA:75,7,0,0
BRDA:75,7,1,0
BRDA:77,8,0,0
BRDA:77,8,1,0
BRDA:87,9,0,0
BRF:14
BRH:2
end_of_record
TN:
SF:src/server/Convert/ConvertAnalysis.tsx
FN:17,(anonymous_1)
FN:25,(anonymous_2)
FN:30,(anonymous_3)
FN:34,(anonymous_4)
FN:39,(anonymous_5)
FN:56,(anonymous_6)
FN:70,(anonymous_7)
FNF:7
FNH:2
FNDA:0,(anonymous_1)
FNDA:0,(anonymous_2)
FNDA:0,(anonymous_3)
FNDA:0,(anonymous_4)
FNDA:16,(anonymous_5)
FNDA:2,(anonymous_6)
FNDA:0,(anonymous_7)
DA:1,46
DA:2,46
DA:4,46
DA:14,46
DA:17,46
DA:21,0
DA:25,46
DA:28,0
DA:30,46
DA:34,0
DA:39,46
DA:56,46
DA:70,46
DA:75,0
DA:77,0
DA:79,0
DA:81,0
DA:83,0
DA:85,0
DA:87,0
DA:89,0
DA:91,0
DA:94,46
LF:23
LH:11
BRDA:19,0,0,0
BRDA:21,1,0,0
BRDA:21,1,1,0
BRDA:32,2,0,0
BRDA:39,3,0,0
BRDA:56,4,0,0
BRDA:61,5,0,2
BRDA:61,5,1,2
BRDA:62,6,0,2
BRDA:62,6,1,2
BRDA:72,7,0,0
BRDA:77,8,0,0
BRDA:77,8,1,0
BRDA:79,9,0,0
BRDA:79,9,1,0
BRDA:89,10,0,0
BRF:16
BRH:4
end_of_record
TN:
SF:src/server/Convert/ConvertAsset.tsx
FN:18,(anonymous_1)
FN:26,(anonymous_2)
FN:31,(anonymous_3)
FN:35,(anonymous_4)
FN:40,(anonymous_5)
FN:57,(anonymous_6)
FN:71,(anonymous_7)
FNF:7
FNH:2
FNDA:0,(anonymous_1)
FNDA:0,(anonymous_2)
FNDA:0,(anonymous_3)
FNDA:0,(anonymous_4)
FNDA:16,(anonymous_5)
FNDA:2,(anonymous_6)
FNDA:0,(anonymous_7)
DA:1,46
DA:3,46
DA:4,46
DA:9,46
DA:15,46
DA:18,46
DA:22,0
DA:26,46
DA:29,0
DA:31,46
DA:35,0
DA:40,46
DA:42,16
DA:57,46
DA:59,2
DA:71,46
DA:76,0
DA:78,0
DA:80,0
DA:82,0
DA:84,0
DA:86,0
DA:88,0
DA:90,0
DA:92,0
DA:95,46
LF:26
LH:14
BRDA:20,0,0,0
BRDA:22,1,0,0
BRDA:22,1,1,0
BRDA:33,2,0,0
BRDA:41,3,0,0
BRDA:58,4,0,0
BRDA:64,5,0,2
BRDA:64,5,1,2
BRDA:65,6,0,2
BRDA:65,6,1,2
BRDA:73,7,0,0
BRDA:78,8,0,0
BRDA:78,8,1,0
BRDA:80,9,0,0
BRDA:80,9,1,0
BRDA:90,10,0,0
BRF:16
BRH:4
end_of_record
TN:
SF:src/server/Convert/ConvertBinary.tsx
FN:7,(anonymous_8)
FN:21,(anonymous_9)
FN:34,(anonymous_10)
FN:48,(anonymous_11)
FN:63,(anonymous_12)
FN:90,(anonymous_13)
FN:103,(anonymous_14)
FN:128,(anonymous_15)
FN:146,(anonymous_16)
FNF:9
FNH:6
FNDA:5,(anonymous_8)
FNDA:0,(anonymous_9)
FNDA:4,(anonymous_10)
FNDA:0,(anonymous_11)
FNDA:8,(anonymous_12)
FNDA:1,(anonymous_13)
FNDA:9,(anonymous_14)
FNDA:8,(anonymous_15)
FNDA:0,(anonymous_16)
DA:3,5
DA:7,5
DA:9,5
DA:10,0
DA:12,5
DA:13,1
DA:15,4
DA:17,1
DA:21,5
DA:23,0
DA:24,0
DA:26,0
DA:27,0
DA:29,0
DA:31,0
DA:34,5
DA:36,4
DA:37,0
DA:39,4
DA:40,0
DA:42,4
DA:43,0
DA:45,4
DA:48,5
DA:50,0
DA:51,0
DA:53,0
DA:54,0
DA:56,0
DA:57,0
DA:59,0
DA:63,5
DA:65,8
DA:66,0
DA:68,8
DA:69,6
DA:72,2
DA:74,2
DA:75,0
DA:78,2
DA:80,2
DA:81,0
DA:83,2
DA:90,5
DA:92,1
DA:93,0
DA:95,1
DA:96,1
DA:98,0
DA:100,0
DA:103,5
DA:105,9
DA:106,0
DA:108,9
DA:109,1
DA:111,8
DA:113,8
DA:115,8
DA:116,4
DA:118,4
DA:120,4
DA:121,2
DA:123,2
DA:125,2
DA:128,5
DA:130,8
DA:131,0
DA:133,8
DA:134,0
DA:136,8
DA:138,8
DA:140,8
DA:142,0
DA:146,5
DA:148,0
DA:149,0
DA:151,0
DA:152,0
DA:154,0
DA:155,0
DA:157,0
LF:81
LH:47
BRDA:9,0,0,0
BRDA:9,1,0,5
BRDA:9,1,1,5
BRDA:12,2,0,1
BRDA:12,3,0,5
BRDA:12,3,1,5
BRDA:23,4,0,0
BRDA:23,5,0,0
BRDA:23,5,1,0
BRDA:26,6,0,0
BRDA:26,7,0,0
BRDA:26,7,1,0
BRDA:36,8,0,0
BRDA:36,9,0,4
BRDA:36,9,1,4
BRDA:39,10,0,0
BRDA:42,11,0,0
BRDA:50,12,0,0
BRDA:50,13,0,0
BRDA:50,13,1,0
BRDA:53,14,0,0
BRDA:53,15,0,0
BRDA:53,15,1,0
BRDA:56,16,0,0
BRDA:65,17,0,0
BRDA:65,18,0,8
BRDA:65,18,1,8
BRDA:68,19,0,6
BRDA:74,20,0,0
BRDA:80,21,0,0
BRDA:92,22,0,0
BRDA:92,23,0,1
BRDA:92,23,1,1
BRDA:95,24,0,1
BRDA:105,25,0,0
BRDA:105,26,0,9
BRDA:105,26,1,9
BRDA:108,27,0,1
BRDA:115,28,0,4
BRDA:115,29,0,8
BRDA:115,29,1,6
BRDA:120,30,0,2
BRDA:130,31,0,0
BRDA:130,32,0,8
BRDA:130,32,1,8
BRDA:133,33,0,0
BRDA:148,34,0,0
BRDA:148,35,0,0
BRDA:148,35,1,0
BRDA:151,36,0,0
BRDA:151,37,0,0
BRDA:151,37,1,0
BRDA:154,38,0,0
BRF:53
BRH:22
end_of_record
TN:
SF:src/server/Convert/ConvertCacheNode.tsx
FN:16,(anonymous_1)
FN:24,(anonymous_2)
FN:29,(anonymous_3)
FN:33,(anonymous_4)
FN:38,(anonymous_5)
FN:57,(anonymous_6)
FN:73,(anonymous_7)
FNF:7
FNH:2
FNDA:0,(anonymous_1)
FNDA:0,(anonymous_2)
FNDA:0,(anonymous_3)
FNDA:0,(anonymous_4)
FNDA:16,(anonymous_5)
FNDA:2,(anonymous_6)
FNDA:0,(anonymous_7)
DA:1,46
DA:3,46
DA:13,46
DA:16,46
DA:20,0
DA:24,46
DA:27,0
DA:29,46
DA:33,0
DA:38,46
DA:57,46
DA:73,46
DA:78,0
DA:80,0
DA:82,0
DA:83,0
DA:85,0
DA:87,0
DA:89,0
DA:91,0
DA:93,0
DA:96,46
LF:22
LH:10
BRDA:18,0,0,0
BRDA:20,1,0,0
BRDA:20,1,1,0
BRDA:31,2,0,0
BRDA:38,3,0,0
BRDA:57,4,0,0
BRDA:75,5,0,0
BRDA:80,6,0,0
BRDA:80,6,1,0
BRDA:82,7,0,0
BRDA:82,7,1,0
BRDA:91,8,0,0
BRF:12
BRH:0
end_of_record
TN:
SF:src/server/Convert/ConvertChat.tsx
FN:20,(anonymous_1)
FN:28,(anonymous_2)
FN:33,(anonymous_3)
FN:37,(anonymous_4)
FN:42,(anonymous_5)
FN:68,(anonymous_6)
FN:89,(anonymous_7)
FNF:7
FNH:0
FNDA:0,(anonymous_1)
FNDA:0,(anonymous_2)
FNDA:0,(anonymous_3)
FNDA:0,(anonymous_4)
FNDA:0,(anonymous_5)
FNDA:0,(anonymous_6)
FNDA:0,(anonymous_7)
DA:2,46
DA:3,46
DA:4,46
DA:10,46
DA:17,46
DA:20,46
DA:24,0
DA:28,46
DA:31,0
DA:33,46
DA:37,0
DA:42,46
DA:68,46
DA:89,46
DA:94,0
DA:96,0
DA:98,0
DA:100,0
DA:102,0
DA:104,0
DA:106,0
DA:108,0
DA:110,0
DA:114,46
LF:24
LH:12
BRDA:22,0,0,0
BRDA:24,1,0,0
BRDA:24,1,1,0
BRDA:35,2,0,0
BRDA:42,3,0,0
BRDA:58,4,0,0
BRDA:58,4,1,0
BRDA:60,5,0,0
BRDA:60,5,1,0
BRDA:68,6,0,0
BRDA:72,7,0,0
BRDA:72,7,1,0
BRDA:73,8,0,0
BRDA:73,8,1,0
BRDA:91,9,0,0
BRDA:96,10,0,0
BRDA:96,10,1,0
BRDA:98,11,0,0
BRDA:98,11,1,0
BRDA:108,12,0,0
BRF:20
BRH:0
end_of_record
TN:
SF:src/server/Convert/ConvertContact.tsx
FN:19,(anonymous_1)
FN:27,(anonymous_2)
FN:32,(anonymous_3)
FN:36,(anonymous_4)
FN:41,(anonymous_5)
FN:59,(anonymous_6)
FN:71,(anonymous_7)
FNF:7
FNH:2
FNDA:0,(anonymous_1)
FNDA:0,(anonymous_2)
FNDA:0,(anonymous_3)
FNDA:0,(anonymous_4)
FNDA:16,(anonymous_5)
FNDA:2,(anonymous_6)
FNDA:0,(anonymous_7)
DA:1,46
DA:2,46
DA:3,46
DA:5,46
DA:8,46
DA:16,46
DA:19,46
DA:23,0
DA:27,46
DA:30,0
DA:32,46
DA:36,0
DA:41,46
DA:59,46
DA:71,46
DA:76,0
DA:78,0
DA:80,0
DA:82,0
DA:84,0
DA:86,0
DA:88,0
DA:90,0
DA:92,0
DA:95,46
LF:25
LH:13
BRDA:21,0,0,0
BRDA:23,1,0,0
BRDA:23,1,1,0
BRDA:34,2,0,0
BRDA:41,3,0,0
BRDA:45,4,0,16
BRDA:45,4,1,14
BRDA:59,5,0,0
BRDA:61,6,0,2
BRDA:61,6,1,0
BRDA:73,7,0,0
BRDA:78,8,0,0
BRDA:78,8,1,0
BRDA:80,9,0,0
BRDA:80,9,1,0
BRDA:90,10,0,0
BRF:16
BRH:3
end_of_record
TN:
SF:src/server/Convert/ConvertContent.tsx
FN:21,(anonymous_1)
FN:29,(anonymous_2)
FN:34,(anonymous_3)
FN:38,(anonymous_4)
FN:43,(anonymous_5)
FN:86,(anonymous_6)
FN:117,(anonymous_7)
FNF:7
FNH:0
FNDA:0,(anonymous_1)
FNDA:0,(anonymous_2)
FNDA:0,(anonymous_3)
FNDA:0,(anonymous_4)
FNDA:0,(anonymous_5)
FNDA:0,(anonymous_6)
FNDA:0,(anonymous_7)
DA:1,2
DA:2,2
DA:3,2
DA:4,2
DA:5,2
DA:7,2
DA:18,2
DA:21,2
DA:25,0
DA:29,2
DA:32,0
DA:34,2
DA:38,0
DA:43,2
DA:86,2
DA:117,2
DA:122,0
DA:124,0
DA:126,0
DA:128,0
DA:130,0
DA:132,0
DA:134,0
DA:136,0
DA:138,0
DA:142,2
LF:26
LH:14
BRDA:23,0,0,0
BRDA:25,1,0,0
BRDA:25,1,1,0
BRDA:36,2,0,0
BRDA:43,3,0,0
BRDA:60,4,0,0
BRDA:60,4,1,0
BRDA:65,5,0,0
BRDA:65,5,1,0
BRDA:86,6,0,0
BRDA:90,7,0,0
BRDA:90,7,1,0
BRDA:91,8,0,0
BRDA:91,8,1,0
BRDA:96,9,0,0
BRDA:96,9,1,0
BRDA:119,10,0,0
BRDA:124,11,0,0
BRDA:124,11,1,0
BRDA:126,12,0,0
BRDA:126,12,1,0
BRDA:136,13,0,0
BRF:22
BRH:0
end_of_record
TN:
SF:src/server/Convert/ConvertDocument.tsx
FN:20,(anonymous_1)
FN:28,(anonymous_2)
FN:33,(anonymous_3)
FN:37,(anonymous_4)
FN:42,(anonymous_5)
FN:89,(anonymous_6)
FN:134,(anonymous_7)
FNF:7
FNH:0
FNDA:0,(anonymous_1)
FNDA:0,(anonymous_2)
FNDA:0,(anonymous_3)
FNDA:0,(anonymous_4)
FNDA:0,(anonymous_5)
FNDA:0,(anonymous_6)
FNDA:0,(anonymous_7)
DA:1,46
DA:2,46
DA:4,46
DA:9,46
DA:17,46
DA:20,46
DA:24,0
DA:28,46
DA:31,0
DA:33,46
DA:37,0
DA:42,46
DA:44,0
DA:89,46
DA:91,0
DA:134,46
DA:139,0
DA:141,0
DA:143,0
DA:145,0
DA:147,0
DA:149,0
DA:151,0
DA:153,0
DA:155,0
DA:158,46
LF:26
LH:12
BRDA:22,0,0,0
BRDA:24,1,0,0
BRDA:24,1,1,0
BRDA:35,2,0,0
BRDA:43,3,0,0
BRDA:90,4,0,0
BRDA:96,5,0,0
BRDA:96,5,1,0
BRDA:97,6,0,0
BRDA:97,6,1,0
BRDA:101,7,0,0
BRDA:101,7,1,0
BRDA:104,8,0,0
BRDA:104,8,1,0
BRDA:105,9,0,0
BRDA:105,9,1,0
BRDA:107,10,0,0
BRDA:107,10,1,0
BRDA:111,11,0,0
BRDA:111,11,1,0
BRDA:112,12,0,0
BRDA:112,12,1,0
BRDA:113,13,0,0
BRDA:113,13,1,0
BRDA:114,14,0,0
BRDA:114,14,1,0
BRDA:115,15,0,0
BRDA:115,15,1,0
BRDA:116,16,0,0
BRDA:116,16,1,0
BRDA:117,17,0,0
BRDA:117,17,1,0
BRDA:118,18,0,0
BRDA:118,18,1,0
BRDA:119,19,0,0
BRDA:119,19,1,0
BRDA:120,20,0,0
BRDA:120,20,1,0
BRDA:121,21,0,0
BRDA:121,21,1,0
BRDA:122,22,0,0
BRDA:122,22,1,0
BRDA:124,23,0,0
BRDA:124,23,1,0
BRDA:125,24,0,0
BRDA:125,24,1,0
BRDA:126,25,0,0
BRDA:126,25,1,0
BRDA:127,26,0,0
BRDA:127,26,1,0
BRDA:128,27,0,0
BRDA:128,27,1,0
BRDA:129,28,0,0
BRDA:129,28,1,0
BRDA:130,29,0,0
BRDA:130,29,1,0
BRDA:131,30,0,0
BRDA:131,30,1,0
BRDA:136,31,0,0
BRDA:141,32,0,0
BRDA:141,32,1,0
BRDA:143,33,0,0
BRDA:143,33,1,0
BRDA:153,34,0,0
BRF:64
BRH:0
end_of_record
TN:
SF:src/server/Convert/ConvertEntityExtract.tsx
FN:18,(anonymous_1)
FN:26,(anonymous_2)
FN:31,(anonymous_3)
FN:35,(anonymous_4)
FN:40,(anonymous_5)
FN:63,(anonymous_6)
FN:81,(anonymous_7)
FNF:7
FNH:0
FNDA:0,(anonymous_1)
FNDA:0,(anonymous_2)
FNDA:0,(anonymous_3)
FNDA:0,(anonymous_4)
FNDA:0,(anonymous_5)
FNDA:0,(anonymous_6)
FNDA:0,(anonymous_7)
DA:1,2
DA:2,2
DA:5,2
DA:9,2
DA:15,2
DA:18,2
DA:22,0
DA:26,2
DA:29,0
DA:31,2
DA:35,0
DA:40,2
DA:63,2
DA:81,2
DA:86,0
DA:88,0
DA:90,0
DA:92,0
DA:94,0
DA:96,0
DA:98,0
DA:100,0
DA:102,0
DA:105,2
LF:24
LH:12
BRDA:20,0,0,0
BRDA:22,1,0,0
BRDA:22,1,1,0
BRDA:33,2,0,0
BRDA:40,3,0,0
BRDA:63,4,0,0
BRDA:83,5,0,0
BRDA:88,6,0,0
BRDA:88,6,1,0
BRDA:90,7,0,0
BRDA:90,7,1,0
BRDA:100,8,0,0
BRF:12
BRH:0
end_of_record
TN:
SF:src/server/Convert/ConvertEvent.tsx
FN:19,(anonymous_1)
FN:27,(anonymous_2)
FN:32,(anonymous_3)
FN:36,(anonymous_4)
FN:41,(anonymous_5)
FN:58,(anonymous_6)
FN:72,(anonymous_7)
FNF:7
FNH:2
FNDA:0,(anonymous_1)
FNDA:0,(anonymous_2)
FNDA:0,(anonymous_3)
FNDA:0,(anonymous_4)
FNDA:13,(anonymous_5)
FNDA:2,(anonymous_6)
FNDA:0,(anonymous_7)
DA:1,46
DA:2,46
DA:4,46
DA:5,46
DA:10,46
DA:16,46
DA:19,46
DA:23,0
DA:27,46
DA:30,0
DA:32,46
DA:36,0
DA:41,46
DA:58,46
DA:72,46
DA:77,0
DA:79,0
DA:81,0
DA:83,0
DA:85,0
DA:87,0
DA:89,0
DA:91,0
DA:93,0
DA:96,46
LF:25
LH:13
BRDA:21,0,0,0
BRDA:23,1,0,0
BRDA:23,1,1,0
BRDA:34,2,0,0
BRDA:41,3,0,0
BRDA:45,4,0,13
BRDA:45,4,1,11
BRDA:58,5,0,0
BRDA:60,6,0,2
BRDA:60,6,1,0
BRDA:64,7,0,2
BRDA:64,7,1,2
BRDA:65,8,0,2
BRDA:65,8,1,2
BRDA:74,9,0,0
BRDA:79,10,0,0
BRDA:79,10,1,0
BRDA:81,11,0,0
BRDA:81,11,1,0
BRDA:91,12,0,0
BRF:20
BRH:7
end_of_record
TN:
SF:src/server/Convert/ConvertEventLog.tsx
FN:19,(anonymous_1)
FN:28,(anonymous_2)
FN:33,(anonymous_3)
FN:56,(anonymous_4)
FN:75,(anonymous_5)
FN:98,(anonymous_6)
FN:105,(anonymous_7)
FNF:7
FNH:2
FNDA:0,(anonymous_1)
FNDA:0,(anonymous_2)
FNDA:16,(anonymous_3)
FNDA:2,(anonymous_4)
FNDA:0,(anonymous_5)
FNDA:0,(anonymous_6)
FNDA:0,(anonymous_7)
DA:1,46
DA:2,46
DA:3,46
DA:5,46
DA:16,46
DA:19,46
DA:23,0
DA:28,46
DA:31,0
DA:33,46
DA:35,16
DA:56,46
DA:58,2
DA:75,46
DA:80,0
DA:82,0
DA:84,0
DA:85,0
DA:87,0
DA:89,0
DA:91,0
DA:93,0
DA:95,0
DA:98,46
DA:103,0
DA:105,0
DA:106,0
DA:109,0
DA:113,46
LF:29
LH:14
BRDA:21,0,0,0
BRDA:23,1,0,0
BRDA:23,1,1,0
BRDA:34,2,0,0
BRDA:51,3,0,16
BRDA:51,3,1,16
BRDA:57,4,0,0
BRDA:63,5,0,2
BRDA:63,5,1,2
BRDA:65,6,0,2
BRDA:65,6,1,2
BRDA:66,7,0,2
BRDA:66,7,1,2
BRDA:67,8,0,2
BRDA:67,8,1,2
BRDA:77,9,0,0
BRDA:82,10,0,0
BRDA:82,10,1,0
BRDA:84,11,0,0
BRDA:84,11,1,0
BRDA:93,12,0,0
BRDA:100,13,0,0
BRF:22
BRH:10
end_of_record
TN:
SF:src/server/Convert/ConvertGeneric.tsx
FN:19,(anonymous_1)
FN:27,(anonymous_2)
FN:32,(anonymous_3)
FN:36,(anonymous_4)
FN:41,(anonymous_5)
FN:58,(anonymous_6)
FN:73,(anonymous_7)
FNF:7
FNH:2
FNDA:0,(anonymous_1)
FNDA:0,(anonymous_2)
FNDA:0,(anonymous_3)
FNDA:0,(anonymous_4)
FNDA:17,(anonymous_5)
FNDA:2,(anonymous_6)
FNDA:0,(anonymous_7)
DA:1,46
DA:2,46
DA:3,46
DA:5,46
DA:8,46
DA:16,46
DA:19,46
DA:23,0
DA:27,46
DA:30,0
DA:32,46
DA:36,0
DA:41,46
DA:58,46
DA:73,46
DA:78,0
DA:80,0
DA:82,0
DA:84,0
DA:86,0
DA:88,0
DA:90,0
DA:92,0
DA:94,0
DA:97,46
LF:25
LH:13
BRDA:21,0,0,0
BRDA:23,1,0,0
BRDA:23,1,1,0
BRDA:34,2,0,0
BRDA:41,3,0,0
BRDA:45,4,0,17
BRDA:45,4,1,15
BRDA:58,5,0,0
BRDA:60,6,0,2
BRDA:60,6,1,0
BRDA:65,7,0,2
BRDA:65,7,1,2
BRDA:66,8,0,2
BRDA:66,8,1,2
BRDA:75,9,0,0
BRDA:80,10,0,0
BRDA:80,10,1,0
BRDA:82,11,0,0
BRDA:82,11,1,0
BRDA:92,12,0,0
BRF:20
BRH:7
end_of_record
TN:
SF:src/server/Convert/ConvertInvoice.tsx
FN:17,(anonymous_1)
FN:25,(anonymous_2)
FN:30,(anonymous_3)
FN:34,(anonymous_4)
FN:39,(anonymous_5)
FN:54,(anonymous_6)
FN:65,(anonymous_7)
FNF:7
FNH:2
FNDA:0,(anonymous_1)
FNDA:0,(anonymous_2)
FNDA:0,(anonymous_3)
FNDA:0,(anonymous_4)
FNDA:17,(anonymous_5)
FNDA:2,(anonymous_6)
FNDA:0,(anonymous_7)
DA:1,46
DA:2,46
DA:4,46
DA:14,46
DA:17,46
DA:21,0
DA:25,46
DA:28,0
DA:30,46
DA:34,0
DA:39,46
DA:54,46
DA:65,46
DA:70,0
DA:72,0
DA:74,0
DA:76,0
DA:78,0
DA:80,0
DA:82,0
DA:84,0
DA:86,0
DA:89,46
LF:23
LH:11
BRDA:19,0,0,0
BRDA:21,1,0,0
BRDA:21,1,1,0
BRDA:32,2,0,0
BRDA:39,3,0,0
BRDA:54,4,0,0
BRDA:59,5,0,2
BRDA:59,5,1,2
BRDA:67,6,0,0
BRDA:72,7,0,0
BRDA:72,7,1,0
BRDA:74,8,0,0
BRDA:74,8,1,0
BRDA:84,9,0,0
BRF:14
BRH:2
end_of_record
TN:
SF:src/server/Convert/ConvertJob.tsx
FN:17,(anonymous_1)
FN:25,(anonymous_2)
FN:30,(anonymous_3)
FN:34,(anonymous_4)
FN:39,(anonymous_5)
FN:57,(anonymous_6)
FN:68,(anonymous_7)
FNF:7
FNH:2
FNDA:0,(anonymous_1)
FNDA:0,(anonymous_2)
FNDA:0,(anonymous_3)
FNDA:0,(anonymous_4)
FNDA:17,(anonymous_5)
FNDA:2,(anonymous_6)
FNDA:0,(anonymous_7)
DA:1,46
DA:2,46
DA:5,46
DA:14,46
DA:17,46
DA:21,0
DA:25,46
DA:28,0
DA:30,46
DA:34,0
DA:39,46
DA:57,46
DA:68,46
DA:73,0
DA:75,0
DA:77,0
DA:78,0
DA:80,0
DA:82,0
DA:84,0
DA:86,0
DA:88,0
DA:91,46
LF:23
LH:11
BRDA:19,0,0,0
BRDA:21,1,0,0
BRDA:21,1,1,0
BRDA:32,2,0,0
BRDA:39,3,0,0
BRDA:53,4,0,17
BRDA:53,4,1,17
BRDA:54,5,0,17
BRDA:54,5,1,17
BRDA:57,6,0,0
BRDA:61,7,0,2
BRDA:61,7,1,2
BRDA:70,8,0,0
BRDA:75,9,0,0
BRDA:75,9,1,0
BRDA:77,10,0,0
BRDA:77,10,1,0
BRDA:86,11,0,0
BRF:18
BRH:6
end_of_record
TN:
SF:src/server/Convert/ConvertLocation.tsx
FN:19,(anonymous_1)
FN:27,(anonymous_2)
FN:32,(anonymous_3)
FN:36,(anonymous_4)
FN:41,(anonymous_5)
FN:58,(anonymous_6)
FN:72,(anonymous_7)
FNF:7
FNH:2
FNDA:0,(anonymous_1)
FNDA:0,(anonymous_2)
FNDA:0,(anonymous_3)
FNDA:0,(anonymous_4)
FNDA:24,(anonymous_5)
FNDA:4,(anonymous_6)
FNDA:0,(anonymous_7)
DA:1,46
DA:2,46
DA:3,46
DA:5,46
DA:7,46
DA:16,46
DA:19,46
DA:23,0
DA:27,46
DA:30,0
DA:32,46
DA:36,0
DA:41,46
DA:58,46
DA:72,46
DA:77,0
DA:79,0
DA:81,0
DA:83,0
DA:85,0
DA:87,0
DA:89,0
DA:91,0
DA:93,0
DA:96,46
LF:25
LH:13
BRDA:21,0,0,0
BRDA:23,1,0,0
BRDA:23,1,1,0
BRDA:34,2,0,0
BRDA:41,3,0,0
BRDA:43,4,0,24
BRDA:43,4,1,17
BRDA:58,5,0,0
BRDA:60,6,0,4
BRDA:60,6,1,0
BRDA:67,7,0,4
BRDA:67,7,1,4
BRDA:74,8,0,0
BRDA:79,9,0,0
BRDA:79,9,1,0
BRDA:81,10,0,0
BRDA:81,10,1,0
BRDA:91,11,0,0
BRF:18
BRH:5
end_of_record
TN:
SF:src/server/Convert/ConvertMessage.tsx
FN:18,(anonymous_1)
FN:26,(anonymous_2)
FN:31,(anonymous_3)
FN:35,(anonymous_4)
FN:40,(anonymous_5)
FN:60,(anonymous_6)
FN:76,(anonymous_7)
FNF:7
FNH:2
FNDA:0,(anonymous_1)
FNDA:0,(anonymous_2)
FNDA:0,(anonymous_3)
FNDA:0,(anonymous_4)
FNDA:17,(anonymous_5)
FNDA:2,(anonymous_6)
FNDA:0,(anonymous_7)
DA:1,46
DA:2,46
DA:4,46
DA:9,46
DA:15,46
DA:18,46
DA:22,0
DA:26,46
DA:29,0
DA:31,46
DA:35,0
DA:40,46
DA:60,46
DA:76,46
DA:81,0
DA:83,0
DA:85,0
DA:87,0
DA:89,0
DA:91,0
DA:93,0
DA:95,0
DA:97,0
DA:100,46
LF:24
LH:12
BRDA:20,0,0,0
BRDA:22,1,0,0
BRDA:22,1,1,0
BRDA:33,2,0,0
BRDA:40,3,0,0
BRDA:60,4,0,0
BRDA:78,5,0,0
BRDA:83,6,0,0
BRDA:83,6,1,0
BRDA:85,7,0,0
BRDA:85,7,1,0
BRDA:95,8,0,0
BRF:12
BRH:0
end_of_record
TN:
SF:src/server/Convert/ConvertMilestone.tsx
FN:19,(anonymous_1)
FN:27,(anonymous_2)
FN:32,(anonymous_3)
FN:36,(anonymous_4)
FN:41,(anonymous_5)
FN:76,(anonymous_6)
FN:105,(anonymous_7)
FNF:7
FNH:0
FNDA:0,(anonymous_1)
FNDA:0,(anonymous_2)
FNDA:0,(anonymous_3)
FNDA:0,(anonymous_4)
FNDA:0,(anonymous_5)
FNDA:0,(anonymous_6)
FNDA:0,(anonymous_7)
DA:1,46
DA:2,46
DA:3,46
DA:5,46
DA:10,46
DA:16,46
DA:19,46
DA:23,0
DA:27,46
DA:30,0
DA:32,46
DA:36,0
DA:41,46
DA:76,46
DA:105,46
DA:110,0
DA:112,0
DA:114,0
DA:116,0
DA:118,0
DA:120,0
DA:122,0
DA:124,0
DA:126,0
DA:129,46
LF:25
LH:13
BRDA:21,0,0,0
BRDA:23,1,0,0
BRDA:23,1,1,0
BRDA:34,2,0,0
BRDA:41,3,0,0
BRDA:63,4,0,0
BRDA:63,4,1,0
BRDA:76,5,0,0
BRDA:84,6,0,0
BRDA:84,6,1,0
BRDA:88,7,0,0
BRDA:88,7,1,0
BRDA:89,8,0,0
BRDA:89,8,1,0
BRDA:91,9,0,0
BRDA:91,9,1,0
BRDA:107,10,0,0
BRDA:112,11,0,0
BRDA:112,11,1,0
BRDA:114,12,0,0
BRDA:114,12,1,0
BRDA:124,13,0,0
BRF:22
BRH:0
end_of_record
TN:
SF:src/server/Convert/ConvertObjective.tsx
FN:19,(anonymous_1)
FN:27,(anonymous_2)
FN:32,(anonymous_3)
FN:36,(anonymous_4)
FN:41,(anonymous_5)
FN:60,(anonymous_6)
FN:74,(anonymous_7)
FNF:7
FNH:2
FNDA:0,(anonymous_1)
FNDA:0,(anonymous_2)
FNDA:0,(anonymous_3)
FNDA:0,(anonymous_4)
FNDA:13,(anonymous_5)
FNDA:2,(anonymous_6)
FNDA:0,(anonymous_7)
DA:2,46
DA:3,46
DA:4,46
DA:10,46
DA:16,46
DA:19,46
DA:23,0
DA:27,46
DA:30,0
DA:32,46
DA:36,0
DA:41,46
DA:60,46
DA:74,46
DA:79,0
DA:81,0
DA:85,0
DA:87,0
DA:88,0
DA:90,0
DA:92,0
DA:94,0
DA:96,0
DA:97,0
DA:98,0
DA:103,0
DA:105,0
DA:107,0
DA:110,46
LF:29
LH:12
BRDA:21,0,0,0
BRDA:23,1,0,0
BRDA:23,1,1,0
BRDA:34,2,0,0
BRDA:41,3,0,0
BRDA:60,4,0,0
BRDA:65,5,0,2
BRDA:65,5,1,2
BRDA:66,6,0,2
BRDA:66,6,1,2
BRDA:76,7,0,0
BRDA:81,8,0,0
BRDA:81,8,1,0
BRDA:85,9,0,0
BRDA:85,9,1,0
BRDA:87,10,0,0
BRDA:96,11,0,0
BRDA:105,12,0,0
BRF:18
BRH:4
end_of_record
TN:
SF:src/server/Convert/ConvertPathway.tsx
FN:19,(anonymous_1)
FN:27,(anonymous_2)
FN:32,(anonymous_3)
FN:36,(anonymous_4)
FN:41,(anonymous_5)
FN:92,(anonymous_6)
FN:140,(anonymous_7)
FNF:7
FNH:0
FNDA:0,(anonymous_1)
FNDA:0,(anonymous_2)
FNDA:0,(anonymous_3)
FNDA:0,(anonymous_4)
FNDA:0,(anonymous_5)
FNDA:0,(anonymous_6)
FNDA:0,(anonymous_7)
DA:1,46
DA:2,46
DA:3,46
DA:5,46
DA:10,46
DA:16,46
DA:19,46
DA:23,0
DA:27,46
DA:30,0
DA:32,46
DA:36,0
DA:41,46
DA:92,46
DA:140,46
DA:145,0
DA:147,0
DA:149,0
DA:151,0
DA:153,0
DA:155,0
DA:157,0
DA:159,0
DA:161,0
DA:164,46
LF:25
LH:13
BRDA:21,0,0,0
BRDA:23,1,0,0
BRDA:23,1,1,0
BRDA:34,2,0,0
BRDA:41,3,0,0
BRDA:92,4,0,0
BRDA:100,5,0,0
BRDA:100,5,1,0
BRDA:142,6,0,0
BRDA:147,7,0,0
BRDA:147,7,1,0
BRDA:149,8,0,0
BRDA:149,8,1,0
BRDA:159,9,0,0
BRF:14
BRH:0
end_of_record
TN:
SF:src/server/Convert/ConvertPayment.tsx
FN:18,(anonymous_1)
FN:26,(anonymous_2)
FN:31,(anonymous_3)
FN:35,(anonymous_4)
FN:40,(anonymous_5)
FN:55,(anonymous_6)
FN:69,(anonymous_7)
FNF:7
FNH:2
FNDA:0,(anonymous_1)
FNDA:0,(anonymous_2)
FNDA:0,(anonymous_3)
FNDA:0,(anonymous_4)
FNDA:17,(anonymous_5)
FNDA:2,(anonymous_6)
FNDA:0,(anonymous_7)
DA:1,46
DA:2,46
DA:4,46
DA:9,46
DA:15,46
DA:18,46
DA:22,0
DA:26,46
DA:29,0
DA:31,46
DA:35,0
DA:40,46
DA:55,46
DA:69,46
DA:74,0
DA:76,0
DA:78,0
DA:80,0
DA:82,0
DA:84,0
DA:86,0
DA:88,0
DA:90,0
DA:93,46
LF:24
LH:12
BRDA:20,0,0,0
BRDA:22,1,0,0
BRDA:22,1,1,0
BRDA:33,2,0,0
BRDA:40,3,0,0
BRDA:55,4,0,0
BRDA:60,5,0,2
BRDA:60,5,1,2
BRDA:61,6,0,2
BRDA:61,6,1,2
BRDA:71,7,0,0
BRDA:76,8,0,0
BRDA:76,8,1,0
BRDA:78,9,0,0
BRDA:78,9,1,0
BRDA:88,10,0,0
BRF:16
BRH:4
end_of_record
TN:
SF:src/server/Convert/ConvertRelationship.tsx
FN:17,(anonymous_1)
FN:25,(anonymous_2)
FN:30,(anonymous_3)
FN:34,(anonymous_4)
FN:39,(anonymous_5)
FN:66,(anonymous_6)
FN:88,(anonymous_7)
FNF:7
FNH:3
FNDA:1,(anonymous_1)
FNDA:0,(anonymous_2)
FNDA:0,(anonymous_3)
FNDA:0,(anonymous_4)
FNDA:1,(anonymous_5)
FNDA:1,(anonymous_6)
FNDA:0,(anonymous_7)
DA:1,46
DA:2,46
DA:5,46
DA:14,46
DA:17,46
DA:21,1
DA:25,46
DA:28,0
DA:30,46
DA:34,0
DA:39,46
DA:66,46
DA:88,46
DA:93,0
DA:95,0
DA:97,0
DA:99,0
DA:101,0
DA:102,0
DA:104,0
DA:106,0
DA:108,0
DA:112,46
LF:23
LH:12
BRDA:19,0,0,1
BRDA:21,1,0,1
BRDA:21,1,1,0
BRDA:32,2,0,0
BRDA:39,3,0,0
BRDA:66,4,0,0
BRDA:90,5,0,0
BRDA:93,6,0,0
BRDA:93,6,1,0
BRDA:95,7,0,0
BRDA:95,7,1,0
BRF:11
BRH:2
end_of_record
TN:
SF:src/server/Convert/ConvertReport.tsx
FN:18,(anonymous_1)
FN:26,(anonymous_2)
FN:31,(anonymous_3)
FN:35,(anonymous_4)
FN:40,(anonymous_5)
FN:55,(anonymous_6)
FN:70,(anonymous_7)
FNF:7
FNH:2
FNDA:0,(anonymous_1)
FNDA:0,(anonymous_2)
FNDA:0,(anonymous_3)
FNDA:0,(anonymous_4)
FNDA:17,(anonymous_5)
FNDA:2,(anonymous_6)
FNDA:0,(anonymous_7)
DA:1,46
DA:2,46
DA:4,46
DA:9,46
DA:15,46
DA:18,46
DA:22,0
DA:26,46
DA:29,0
DA:31,46
DA:35,0
DA:40,46
DA:55,46
DA:70,46
DA:75,0
DA:77,0
DA:79,0
DA:81,0
DA:83,0
DA:85,0
DA:87,0
DA:89,0
DA:91,0
DA:94,46
LF:24
LH:12
BRDA:20,0,0,0
BRDA:22,1,0,0
BRDA:22,1,1,0
BRDA:33,2,0,0
BRDA:40,3,0,0
BRDA:55,4,0,0
BRDA:60,5,0,2
BRDA:60,5,1,2
BRDA:61,6,0,2
BRDA:61,6,1,2
BRDA:72,7,0,0
BRDA:77,8,0,0
BRDA:77,8,1,0
BRDA:79,9,0,0
BRDA:79,9,1,0
BRDA:89,10,0,0
BRF:16
BRH:4
end_of_record
TN:
SF:src/server/Convert/ConvertTask.tsx
FN:20,(anonymous_1)
FN:28,(anonymous_2)
FN:33,(anonymous_3)
FN:37,(anonymous_4)
FN:42,(anonymous_5)
FN:62,(anonymous_6)
FN:81,(anonymous_7)
FNF:7
FNH:2
FNDA:0,(anonymous_1)
FNDA:0,(anonymous_2)
FNDA:0,(anonymous_3)
FNDA:0,(anonymous_4)
FNDA:17,(anonymous_5)
FNDA:2,(anonymous_6)
FNDA:0,(anonymous_7)
DA:1,46
DA:2,46
DA:3,46
DA:4,46
DA:5,46
DA:6,46
DA:17,46
DA:20,46
DA:24,0
DA:28,46
DA:31,0
DA:33,46
DA:37,0
DA:42,46
DA:62,46
DA:81,46
DA:86,0
DA:88,0
DA:90,0
DA:92,0
DA:94,0
DA:96,0
DA:98,0
DA:100,0
DA:102,0
DA:105,46
LF:26
LH:14
BRDA:22,0,0,0
BRDA:24,1,0,0
BRDA:24,1,1,0
BRDA:35,2,0,0
BRDA:42,3,0,0
BRDA:46,4,0,17
BRDA:46,4,1,15
BRDA:47,5,0,17
BRDA:47,5,1,15
BRDA:59,6,0,17
BRDA:59,6,1,17
BRDA:62,7,0,0
BRDA:64,8,0,2
BRDA:64,8,1,0
BRDA:65,9,0,2
BRDA:65,9,1,0
BRDA:70,10,0,2
BRDA:70,10,1,2
BRDA:71,11,0,2
BRDA:71,11,1,2
BRDA:83,12,0,0
BRDA:88,13,0,0
BRDA:88,13,1,0
BRDA:90,14,0,0
BRDA:90,14,1,0
BRDA:100,15,0,0
BRF:26
BRH:12
end_of_record
TN:
SF:src/server/Convert/ConvertTextCompletion.tsx
FN:18,(anonymous_1)
FN:26,(anonymous_2)
FN:31,(anonymous_3)
FN:35,(anonymous_4)
FN:40,(anonymous_5)
FN:61,(anonymous_6)
FN:81,(anonymous_7)
FNF:7
FNH:0
FNDA:0,(anonymous_1)
FNDA:0,(anonymous_2)
FNDA:0,(anonymous_3)
FNDA:0,(anonymous_4)
FNDA:0,(anonymous_5)
FNDA:0,(anonymous_6)
FNDA:0,(anonymous_7)
DA:1,2
DA:3,2
DA:5,2
DA:7,2
DA:15,2
DA:18,2
DA:22,0
DA:26,2
DA:29,0
DA:31,2
DA:35,0
DA:40,2
DA:61,2
DA:63,0
DA:81,2
DA:86,0
DA:88,0
DA:90,0
DA:92,0
DA:94,0
DA:96,0
DA:98,0
DA:100,0
DA:102,0
DA:105,2
LF:25
LH:12
BRDA:20,0,0,0
BRDA:22,1,0,0
BRDA:22,1,1,0
BRDA:33,2,0,0
BRDA:40,3,0,0
BRDA:62,4,0,0
BRDA:65,5,0,0
BRDA:65,5,1,0
BRDA:66,6,0,0
BRDA:66,6,1,0
BRDA:74,7,0,0
BRDA:74,7,1,0
BRDA:75,8,0,0
BRDA:75,8,1,0
BRDA:76,9,0,0
BRDA:76,9,1,0
BRDA:83,10,0,0
BRDA:88,11,0,0
BRDA:88,11,1,0
BRDA:90,12,0,0
BRDA:90,12,1,0
BRDA:100,13,0,0
BRF:22
BRH:0
end_of_record
TN:
SF:src/server/Convert/ConvertTranscript.tsx
FN:17,(anonymous_1)
FN:25,(anonymous_2)
FN:30,(anonymous_3)
FN:34,(anonymous_4)
FN:39,(anonymous_5)
FN:55,(anonymous_6)
FN:68,(anonymous_7)
FNF:7
FNH:2
FNDA:0,(anonymous_1)
FNDA:0,(anonymous_2)
FNDA:0,(anonymous_3)
FNDA:0,(anonymous_4)
FNDA:13,(anonymous_5)
FNDA:2,(anonymous_6)
FNDA:0,(anonymous_7)
DA:1,3
DA:2,3
DA:4,3
DA:14,3
DA:17,3
DA:21,0
DA:25,3
DA:28,0
DA:30,3
DA:34,0
DA:39,13
DA:55,3
DA:68,3
DA:73,0
DA:75,0
DA:79,0
DA:81,0
DA:83,0
DA:85,0
DA:87,0
DA:89,0
DA:91,0
DA:94,15
LF:23
LH:11
BRDA:19,0,0,0
BRDA:21,1,0,0
BRDA:21,1,1,0
BRDA:32,2,0,0
BRDA:39,3,0,0
BRDA:55,4,0,0
BRDA:61,5,0,2
BRDA:61,5,1,2
BRDA:62,6,0,2
BRDA:62,6,1,2
BRDA:70,7,0,0
BRDA:75,8,0,0
BRDA:75,8,1,0
BRDA:79,9,0,0
BRDA:79,9,1,0
BRDA:89,10,0,0
BRF:16
BRH:4
end_of_record
TN:
SF:src/server/Convert/ConvertUser.tsx
FN:21,(anonymous_1)
FN:29,(anonymous_2)
FN:34,(anonymous_3)
FN:38,(anonymous_4)
FN:44,(anonymous_5)
FN:73,(anonymous_6)
FN:99,(anonymous_7)
FNF:7
FNH:3
FNDA:0,(anonymous_1)
FNDA:0,(anonymous_2)
FNDA:0,(anonymous_3)
FNDA:0,(anonymous_4)
FNDA:29,(anonymous_5)
FNDA:5,(anonymous_6)
FNDA:1,(anonymous_7)
DA:1,46
DA:2,46
DA:3,46
DA:4,46
DA:6,46
DA:11,46
DA:12,46
DA:18,46
DA:21,46
DA:25,0
DA:29,46
DA:32,0
DA:34,46
DA:38,0
DA:44,46
DA:45,29
DA:73,46
DA:99,46
DA:104,1
DA:106,1
DA:108,1
DA:109,0
DA:113,1
DA:115,1
DA:117,1
DA:119,1
DA:121,1
DA:123,1
DA:126,46
LF:29
LH:25
BRDA:23,0,0,0
BRDA:25,1,0,0
BRDA:25,1,1,0
BRDA:36,2,0,0
BRDA:44,3,0,0
BRDA:73,4,0,0
BRDA:78,5,0,5
BRDA:78,5,1,5
BRDA:79,6,0,5
BRDA:79,6,1,5
BRDA:101,7,0,1
BRDA:106,8,0,1
BRDA:106,8,1,1
BRDA:108,9,0,0
BRDA:108,10,0,1
BRDA:108,10,1,1
BRDA:113,11,0,1
BRDA:113,11,1,0
BRDA:121,12,0,1
BRF:19
BRH:11
end_of_record
TN:
SF:src/server/Convert/ConvertUtil.tsx
FN:65,(anonymous_34)
FN:86,(anonymous_35)
FN:122,(anonymous_36)
FN:135,(anonymous_37)
FN:145,(anonymous_38)
FN:153,(anonymous_39)
FN:172,(anonymous_40)
FN:178,(anonymous_41)
FN:192,(anonymous_42)
FN:199,(anonymous_43)
FN:210,(anonymous_44)
FN:233,(anonymous_45)
FN:236,(anonymous_46)
FN:239,(anonymous_47)
FN:279,(anonymous_48)
FN:297,(anonymous_49)
FN:315,(anonymous_50)
FN:354,(anonymous_51)
FN:365,(anonymous_52)
FN:368,(anonymous_53)
FN:384,(anonymous_54)
FN:403,(anonymous_55)
FN:444,(anonymous_56)
FN:460,(anonymous_57)
FN:505,(anonymous_58)
FN:540,(anonymous_59)
FN:556,(anonymous_60)
FN:560,(anonymous_61)
FN:566,(anonymous_62)
FN:574,(anonymous_63)
FN:582,(anonymous_64)
FNF:31
FNH:24
FNDA:244,(anonymous_34)
FNDA:197,(anonymous_35)
FNDA:125,(anonymous_36)
FNDA:785,(anonymous_37)
FNDA:72,(anonymous_38)
FNDA:188,(anonymous_39)
FNDA:178,(anonymous_40)
FNDA:0,(anonymous_41)
FNDA:43,(anonymous_42)
FNDA:43,(anonymous_43)
FNDA:274,(anonymous_44)
FNDA:344,(anonymous_45)
FNDA:344,(anonymous_46)
FNDA:921,(anonymous_47)
FNDA:20,(anonymous_48)
FNDA:19,(anonymous_49)
FNDA:1438,(anonymous_50)
FNDA:13,(anonymous_51)
FNDA:2,(anonymous_52)
FNDA:40,(anonymous_53)
FNDA:71,(anonymous_54)
FNDA:968,(anonymous_55)
FNDA:24,(anonymous_56)
FNDA:1,(anonymous_57)
FNDA:0,(anonymous_58)
FNDA:0,(anonymous_59)
FNDA:0,(anonymous_60)
FNDA:0,(anonymous_61)
FNDA:0,(anonymous_62)
FNDA:11004,(anonymous_63)
FNDA:0,(anonymous_64)
DA:1,46
DA:3,46
DA:25,46
DA:32,46
DA:33,46
DA:34,46
DA:35,46
DA:36,46
DA:37,46
DA:38,46
DA:39,46
DA:40,46
DA:41,46
DA:42,46
DA:43,46
DA:44,46
DA:45,46
DA:46,46
DA:47,46
DA:48,46
DA:49,46
DA:50,46
DA:51,46
DA:52,46
DA:53,46
DA:54,46
DA:56,46
DA:57,46
DA:62,46
DA:65,243
DA:70,244
DA:71,197
DA:74,47
DA:75,1
DA:78,46
DA:79,0
DA:82,46
DA:86,197
DA:91,197
DA:92,143
DA:94,197
DA:95,3
DA:97,194
DA:98,64
DA:100,130
DA:101,33
DA:102,30
DA:104,100
DA:105,79
DA:108,79
DA:109,32
DA:111,47
DA:112,32
DA:115,36
DA:116,15
DA:118,21
DA:122,125
DA:123,125
DA:124,125
DA:125,55
DA:127,37
DA:130,70
DA:132,18
DA:135,785
DA:139,785
DA:140,346
DA:142,439
DA:145,72
DA:146,72
DA:147,19
DA:149,53
DA:153,188
DA:158,188
DA:159,24
DA:161,164
DA:162,0
DA:164,164
DA:172,178
DA:176,178
DA:178,46
DA:182,0
DA:192,46
DA:193,43
DA:199,46
DA:200,43
DA:201,0
DA:203,43
DA:210,274
DA:212,274
DA:213,267
DA:216,262
DA:219,250
DA:220,6
DA:223,244
DA:224,244
DA:226,0
DA:227,0
DA:229,0
DA:233,46
DA:234,344
DA:236,344
DA:237,344
DA:239,743
DA:241,921
DA:242,0
DA:244,921
DA:245,784
DA:248,137
DA:249,99
DA:251,96
DA:253,96
DA:254,0
DA:256,96
DA:259,41
DA:260,16
DA:262,16
DA:263,0
DA:265,16
DA:266,0
DA:268,16
DA:271,25
DA:273,25
DA:274,18
DA:276,7
DA:279,46
DA:280,20
DA:281,20
DA:283,18
DA:284,0
DA:286,18
DA:287,18
DA:289,0
DA:292,2
DA:297,46
DA:302,19
DA:303,8
DA:305,11
DA:306,10
DA:308,1
DA:309,1
DA:311,0
DA:315,1438
DA:320,1438
DA:321,0
DA:323,1438
DA:324,118
DA:326,1320
DA:327,1065
DA:330,255
DA:340,7
DA:343,248
DA:344,248
DA:346,0
DA:350,248
DA:354,46
DA:359,13
DA:361,11
DA:365,46
DA:366,2
DA:368,46
DA:370,40
DA:371,8
DA:374,32
DA:375,0
DA:378,32
DA:384,71
DA:389,71
DA:390,0
DA:392,71
DA:393,71
DA:395,0
DA:396,0
DA:398,0
DA:403,968
DA:405,968
DA:406,123
DA:408,845
DA:411,67
DA:413,67
DA:414,46
DA:416,21
DA:419,21
DA:420,10
DA:423,11
DA:425,11
DA:426,10
DA:429,1
DA:431,1
DA:432,0
DA:434,1
DA:437,778
DA:444,46
DA:449,24
DA:451,24
DA:452,1
DA:460,46
DA:464,1
DA:465,27
DA:468,1
DA:470,1
DA:471,0
DA:472,0
DA:474,1
DA:500,24
DA:501,24
DA:505,46
DA:507,0
DA:508,0
DA:510,0
DA:511,0
DA:512,0
DA:513,0
DA:514,0
DA:515,0
DA:516,0
DA:517,0
DA:518,0
DA:519,0
DA:520,0
DA:521,0
DA:522,0
DA:523,0
DA:524,0
DA:525,0
DA:526,0
DA:527,0
DA:528,0
DA:529,0
DA:530,0
DA:531,0
DA:532,0
DA:533,0
DA:536,0
DA:540,46
DA:545,0
DA:546,0
DA:548,0
DA:549,0
DA:551,0
DA:556,46
DA:557,0
DA:560,46
DA:561,0
DA:566,46
DA:570,0
DA:574,11004
DA:578,11004
DA:582,46
DA:584,0
DA:587,0
DA:590,0
LF:251
LH:189
BRDA:67,0,0,214
BRDA:70,1,0,197
BRDA:74,2,0,1
BRDA:78,3,0,0
BRDA:88,4,0,31
BRDA:91,5,0,143
BRDA:94,6,0,3
BRDA:97,7,0,64
BRDA:100,8,0,33
BRDA:100,9,0,130
BRDA:100,9,1,100
BRDA:101,10,0,30
BRDA:104,11,0,79
BRDA:108,12,0,32
BRDA:111,13,0,32
BRDA:115,14,0,15
BRDA:124,15,0,55
BRDA:127,16,0,9
BRDA:127,16,1,28
BRDA:127,17,0,37
BRDA:127,17,1,10
BRDA:139,18,0,346
BRDA:139,19,0,785
BRDA:139,19,1,514
BRDA:139,19,2,430
BRDA:146,20,0,19
BRDA:146,21,0,72
BRDA:146,21,1,21
BRDA:155,22,0,55
BRDA:158,23,0,24
BRDA:161,24,0,0
BRDA:174,25,0,156
BRDA:176,26,0,178
BRDA:176,26,1,146
BRDA:180,27,0,0
BRDA:182,28,0,0
BRDA:182,28,1,0
BRDA:193,29,0,43
BRDA:193,29,1,43
BRDA:193,29,2,43
BRDA:193,29,3,43
BRDA:193,29,4,43
BRDA:200,30,0,0
BRDA:212,31,0,7
BRDA:213,32,0,5
BRDA:216,33,0,12
BRDA:219,34,0,6
BRDA:219,35,0,250
BRDA:219,35,1,250
BRDA:226,36,0,0
BRDA:226,37,0,0
BRDA:226,37,1,0
BRDA:234,38,0,344
BRDA:234,38,1,65
BRDA:237,39,0,65
BRDA:237,39,1,279
BRDA:241,40,0,0
BRDA:244,41,0,784
BRDA:248,42,0,99
BRDA:248,43,0,137
BRDA:248,43,1,109
BRDA:248,43,2,109
BRDA:248,43,3,106
BRDA:249,44,0,96
BRDA:253,45,0,0
BRDA:259,46,0,16
BRDA:259,47,0,41
BRDA:259,47,1,28
BRDA:262,48,0,0
BRDA:265,49,0,0
BRDA:273,50,0,18
BRDA:283,51,0,0
BRDA:286,52,0,18
BRDA:286,53,0,18
BRDA:286,53,1,18
BRDA:299,54,0,13
BRDA:302,55,0,8
BRDA:302,56,0,19
BRDA:302,56,1,15
BRDA:302,56,2,13
BRDA:303,57,0,8
BRDA:303,57,1,4
BRDA:305,58,0,10
BRDA:308,59,0,1
BRDA:311,60,0,0
BRDA:311,60,1,0
BRDA:317,61,0,48
BRDA:320,62,0,0
BRDA:323,63,0,118
BRDA:324,64,0,118
BRDA:324,64,1,118
BRDA:326,65,0,1065
BRDA:330,66,0,7
BRDA:331,67,0,255
BRDA:331,67,1,251
BRDA:331,67,2,250
BRDA:331,67,3,249
BRDA:331,67,4,248
BRDA:331,67,5,248
BRDA:331,67,6,248
BRDA:331,67,7,248
BRDA:359,68,0,2
BRDA:359,69,0,13
BRDA:359,69,1,4
BRDA:359,69,2,3
BRDA:370,70,0,8
BRDA:370,71,0,40
BRDA:370,71,1,39
BRDA:370,71,2,38
BRDA:374,72,0,0
BRDA:386,73,0,71
BRDA:389,74,0,0
BRDA:392,75,0,71
BRDA:395,76,0,0
BRDA:398,77,0,0
BRDA:398,77,1,0
BRDA:405,78,0,123
BRDA:408,79,0,67
BRDA:408,80,0,845
BRDA:408,80,1,68
BRDA:413,81,0,46
BRDA:413,82,0,67
BRDA:413,82,1,21
BRDA:419,83,0,10
BRDA:425,84,0,10
BRDA:431,85,0,0
BRDA:431,86,0,1
BRDA:431,86,1,0
BRDA:431,86,2,0
BRDA:431,86,3,0
BRDA:431,86,4,0
BRDA:465,87,0,1
BRDA:465,87,1,1
BRDA:465,87,2,2
BRDA:465,87,3,3
BRDA:465,87,4,4
BRDA:465,87,5,5
BRDA:465,87,6,6
BRDA:465,87,7,7
BRDA:465,87,8,8
BRDA:465,87,9,9
BRDA:465,87,10,10
BRDA:465,87,11,11
BRDA:465,87,12,12
BRDA:465,87,13,13
BRDA:465,87,14,14
BRDA:465,87,15,15
BRDA:465,87,16,16
BRDA:465,87,17,17
BRDA:465,87,18,18
BRDA:465,87,19,19
BRDA:465,87,20,20
BRDA:465,87,21,21
BRDA:465,87,22,22
BRDA:465,87,23,23
BRDA:465,87,24,24
BRDA:507,88,0,0
BRDA:507,89,0,0
BRDA:507,89,1,0
BRDA:510,90,0,0
BRDA:510,90,1,0
BRDA:510,90,2,0
BRDA:510,90,3,0
BRDA:510,90,4,0
BRDA:510,90,5,0
BRDA:510,90,6,0
BRDA:510,90,7,0
BRDA:510,90,8,0
BRDA:510,90,9,0
BRDA:510,90,10,0
BRDA:510,90,11,0
BRDA:510,90,12,0
BRDA:510,90,13,0
BRDA:510,90,14,0
BRDA:510,90,15,0
BRDA:510,90,16,0
BRDA:510,90,17,0
BRDA:510,90,18,0
BRDA:510,90,19,0
BRDA:510,90,20,0
BRDA:510,90,21,0
BRDA:510,90,22,0
BRDA:510,90,23,0
BRDA:542,91,0,0
BRDA:545,92,0,0
BRDA:546,93,0,0
BRDA:546,93,1,0
BRDA:551,94,0,0
BRDA:551,94,1,0
BRDA:567,95,0,0
BRDA:568,96,0,0
BRDA:575,97,0,0
BRDA:576,98,0,0
BRDA:584,99,0,0
BRDA:587,100,0,0
BRF:195
BRH:129
end_of_record
TN:
SF:src/server/Logic/model/DocumentLogic.tsx
FN:10,(anonymous_1)
FN:25,(anonymous_2)
FN:41,(anonymous_3)
FNF:3
FNH:0
FNDA:0,(anonymous_1)
FNDA:0,(anonymous_2)
FNDA:0,(anonymous_3)
DA:2,2
DA:5,2
DA:7,2
DA:10,2
DA:15,0
DA:17,0
DA:19,0
DA:21,0
DA:25,2
DA:29,0
DA:41,2
DA:43,0
DA:45,0
DA:49,2
LF:14
LH:7
BRF:0
BRH:0
end_of_record
TN:
SF:src/server/Query/ClerkRepo.tsx
FN:5,(anonymous_3)
FN:10,(anonymous_4)
FNF:2
FNH:0
FNDA:0,(anonymous_3)
FNDA:0,(anonymous_4)
DA:1,2
DA:5,2
DA:6,0
DA:10,2
DA:14,0
LF:5
LH:3
BRF:0
BRH:0
end_of_record
TN:
SF:src/server/Query/Count.tsx
FN:5,(anonymous_28)
FN:6,(anonymous_29)
FN:7,(anonymous_30)
FN:8,(anonymous_31)
FN:9,(anonymous_32)
FN:10,(anonymous_33)
FN:11,(anonymous_34)
FN:12,(anonymous_35)
FN:13,(anonymous_36)
FN:14,(anonymous_37)
FN:15,(anonymous_38)
FN:16,(anonymous_39)
FN:17,(anonymous_40)
FN:18,(anonymous_41)
FN:19,(anonymous_42)
FN:20,(anonymous_43)
FN:21,(anonymous_44)
FN:22,(anonymous_45)
FN:23,(anonymous_46)
FN:24,(anonymous_47)
FN:25,(anonymous_48)
FN:26,(anonymous_49)
FN:27,(anonymous_50)
FN:28,(anonymous_51)
FN:29,(anonymous_52)
FN:30,(anonymous_53)
FN:33,(anonymous_54)
FNF:27
FNH:0
FNDA:0,(anonymous_28)
FNDA:0,(anonymous_29)
FNDA:0,(anonymous_30)
FNDA:0,(anonymous_31)
FNDA:0,(anonymous_32)
FNDA:0,(anonymous_33)
FNDA:0,(anonymous_34)
FNDA:0,(anonymous_35)
FNDA:0,(anonymous_36)
FNDA:0,(anonymous_37)
FNDA:0,(anonymous_38)
FNDA:0,(anonymous_39)
FNDA:0,(anonymous_40)
FNDA:0,(anonymous_41)
FNDA:0,(anonymous_42)
FNDA:0,(anonymous_43)
FNDA:0,(anonymous_44)
FNDA:0,(anonymous_45)
FNDA:0,(anonymous_46)
FNDA:0,(anonymous_47)
FNDA:0,(anonymous_48)
FNDA:0,(anonymous_49)
FNDA:0,(anonymous_50)
FNDA:0,(anonymous_51)
FNDA:0,(anonymous_52)
FNDA:0,(anonymous_53)
FNDA:0,(anonymous_54)
DA:1,2
DA:5,2
DA:6,2
DA:7,2
DA:8,2
DA:9,2
DA:10,2
DA:11,2
DA:12,2
DA:13,2
DA:14,2
DA:15,2
DA:16,2
DA:17,2
DA:18,2
DA:19,2
DA:20,2
DA:21,2
DA:22,2
DA:23,2
DA:24,2
DA:25,2
DA:26,2
DA:27,2
DA:28,2
DA:29,2
DA:30,2
DA:33,2
DA:34,0
LF:29
LH:28
BRF:0
BRH:0
end_of_record
TN:
SF:src/server/Query/Create.tsx
FN:22,(anonymous_29)
FN:23,(anonymous_30)
FN:24,(anonymous_31)
FN:25,(anonymous_32)
FN:26,(anonymous_33)
FN:27,(anonymous_34)
FN:28,(anonymous_35)
FN:29,(anonymous_36)
FN:30,(anonymous_37)
FN:31,(anonymous_38)
FN:32,(anonymous_39)
FN:33,(anonymous_40)
FN:34,(anonymous_41)
FN:35,(anonymous_42)
FN:36,(anonymous_43)
FN:37,(anonymous_44)
FN:38,(anonymous_45)
FN:39,(anonymous_46)
FN:40,(anonymous_47)
FN:41,(anonymous_48)
FN:42,(anonymous_49)
FN:43,(anonymous_50)
FN:44,(anonymous_51)
FN:45,(anonymous_52)
FN:46,(anonymous_53)
FN:47,(anonymous_54)
FN:48,(anonymous_55)
FN:53,(anonymous_56)
FNF:28
FNH:3
FNDA:0,(anonymous_29)
FNDA:0,(anonymous_30)
FNDA:1,(anonymous_31)
FNDA:0,(anonymous_32)
FNDA:0,(anonymous_33)
FNDA:0,(anonymous_34)
FNDA:0,(anonymous_35)
FNDA:0,(anonymous_36)
FNDA:0,(anonymous_37)
FNDA:2,(anonymous_38)
FNDA:0,(anonymous_39)
FNDA:0,(anonymous_40)
FNDA:0,(anonymous_41)
FNDA:0,(anonymous_42)
FNDA:0,(anonymous_43)
FNDA:0,(anonymous_44)
FNDA:0,(anonymous_45)
FNDA:0,(anonymous_46)
FNDA:0,(anonymous_47)
FNDA:0,(anonymous_48)
FNDA:0,(anonymous_49)
FNDA:0,(anonymous_50)
FNDA:0,(anonymous_51)
FNDA:0,(anonymous_52)
FNDA:3,(anonymous_53)
FNDA:0,(anonymous_54)
FNDA:0,(anonymous_55)
FNDA:0,(anonymous_56)
DA:16,2
DA:22,2
DA:23,2
DA:24,2
DA:25,2
DA:26,2
DA:27,2
DA:28,2
DA:29,2
DA:30,2
DA:31,2
DA:32,2
DA:33,2
DA:34,2
DA:35,2
DA:36,2
DA:37,2
DA:38,2
DA:39,2
DA:40,2
DA:41,2
DA:42,2
DA:43,2
DA:44,2
DA:45,2
DA:46,3
DA:47,2
DA:48,2
DA:53,2
DA:57,0
LF:30
LH:29
BRF:0
BRH:0
end_of_record
TN:
SF:src/server/Query/DeleteByHash.tsx
FN:6,(anonymous_27)
FN:7,(anonymous_28)
FN:8,(anonymous_29)
FN:9,(anonymous_30)
FN:10,(anonymous_31)
FN:11,(anonymous_32)
FN:12,(anonymous_33)
FN:13,(anonymous_34)
FN:14,(anonymous_35)
FN:15,(anonymous_36)
FN:16,(anonymous_37)
FN:17,(anonymous_38)
FN:18,(anonymous_39)
FN:19,(anonymous_40)
FN:20,(anonymous_41)
FN:21,(anonymous_42)
FN:22,(anonymous_43)
FN:23,(anonymous_44)
FN:24,(anonymous_45)
FN:25,(anonymous_46)
FN:26,(anonymous_47)
FN:27,(anonymous_48)
FN:28,(anonymous_49)
FN:29,(anonymous_50)
FN:30,(anonymous_51)
FN:31,(anonymous_52)
FNF:26
FNH:0
FNDA:0,(anonymous_27)
FNDA:0,(anonymous_28)
FNDA:0,(anonymous_29)
FNDA:0,(anonymous_30)
FNDA:0,(anonymous_31)
FNDA:0,(anonymous_32)
FNDA:0,(anonymous_33)
FNDA:0,(anonymous_34)
FNDA:0,(anonymous_35)
FNDA:0,(anonymous_36)
FNDA:0,(anonymous_37)
FNDA:0,(anonymous_38)
FNDA:0,(anonymous_39)
FNDA:0,(anonymous_40)
FNDA:0,(anonymous_41)
FNDA:0,(anonymous_42)
FNDA:0,(anonymous_43)
FNDA:0,(anonymous_44)
FNDA:0,(anonymous_45)
FNDA:0,(anonymous_46)
FNDA:0,(anonymous_47)
FNDA:0,(anonymous_48)
FNDA:0,(anonymous_49)
FNDA:0,(anonymous_50)
FNDA:0,(anonymous_51)
FNDA:0,(anonymous_52)
DA:2,2
DA:6,2
DA:7,2
DA:8,2
DA:9,2
DA:10,2
DA:11,2
DA:12,2
DA:13,2
DA:14,2
DA:15,2
DA:16,2
DA:17,2
DA:18,2
DA:19,2
DA:20,2
DA:21,2
DA:22,2
DA:23,2
DA:24,2
DA:25,2
DA:26,2
DA:27,2
DA:28,2
DA:29,2
DA:30,2
DA:31,2
LF:27
LH:27
BRF:0
BRH:0
end_of_record
TN:
SF:src/server/Query/DocumentQuery.tsx
FN:7,(anonymous_4)
FN:16,(anonymous_5)
FN:23,(anonymous_6)
FNF:3
FNH:0
FNDA:0,(anonymous_4)
FNDA:0,(anonymous_5)
FNDA:0,(anonymous_6)
DA:1,2
DA:2,2
DA:3,2
DA:7,2
DA:8,0
DA:16,2
DA:17,0
DA:23,2
DA:24,0
LF:9
LH:6
BRF:0
BRH:0
end_of_record
TN:
SF:src/server/Query/Log.tsx
FN:15,(anonymous_15)
FN:22,(anonymous_16)
FN:29,(anonymous_17)
FN:36,(anonymous_18)
FN:43,(anonymous_19)
FN:50,(anonymous_20)
FN:57,(anonymous_21)
FN:64,(anonymous_22)
FN:71,(anonymous_23)
FN:78,(anonymous_24)
FN:85,(anonymous_25)
FN:103,(anonymous_26)
FN:118,(anonymous_27)
FN:144,(anonymous_28)
FNF:14
FNH:0
FNDA:0,(anonymous_15)
FNDA:0,(anonymous_16)
FNDA:0,(anonymous_17)
FNDA:0,(anonymous_18)
FNDA:0,(anonymous_19)
FNDA:0,(anonymous_20)
FNDA:0,(anonymous_21)
FNDA:0,(anonymous_22)
FNDA:0,(anonymous_23)
FNDA:0,(anonymous_24)
FNDA:0,(anonymous_25)
FNDA:0,(anonymous_26)
FNDA:0,(anonymous_27)
FNDA:0,(anonymous_28)
DA:1,2
DA:2,2
DA:3,2
DA:4,2
DA:5,2
DA:8,2
DA:9,2
DA:15,2
DA:20,0
DA:22,2
DA:27,0
DA:29,2
DA:34,0
DA:36,2
DA:41,0
DA:43,2
DA:48,0
DA:50,2
DA:55,0
DA:57,4
DA:62,0
DA:64,2
DA:69,0
DA:71,2
DA:76,0
DA:78,10
DA:83,0
DA:85,2
DA:90,0
DA:103,2
DA:105,0
DA:118,2
DA:122,0
DA:124,0
DA:144,2
DA:147,0
LF:36
LH:21
BRDA:17,0,0,0
BRDA:18,1,0,0
BRDA:24,2,0,0
BRDA:25,3,0,0
BRDA:31,4,0,0
BRDA:32,5,0,0
BRDA:38,6,0,0
BRDA:39,7,0,0
BRDA:45,8,0,0
BRDA:46,9,0,0
BRDA:52,10,0,0
BRDA:53,11,0,0
BRDA:59,12,0,0
BRDA:60,13,0,0
BRDA:66,14,0,0
BRDA:67,15,0,0
BRDA:73,16,0,0
BRDA:74,17,0,0
BRDA:80,18,0,0
BRDA:81,19,0,0
BRDA:94,20,0,0
BRDA:94,20,1,0
BRF:22
BRH:0
end_of_record
TN:
SF:src/server/Query/Pathway.tsx
FN:7,(anonymous_5)
FN:17,(anonymous_6)
FN:28,(anonymous_7)
FN:38,(anonymous_8)
FNF:4
FNH:0
FNDA:0,(anonymous_5)
FNDA:0,(anonymous_6)
FNDA:0,(anonymous_7)
FNDA:0,(anonymous_8)
DA:1,2
DA:2,2
DA:7,2
DA:10,0
DA:17,2
DA:20,0
DA:28,2
DA:31,0
DA:38,2
DA:41,0
LF:10
LH:6
BRF:0
BRH:0
end_of_record
TN:
SF:src/server/Query/RelationshipQuery.tsx
FN:8,(anonymous_1)
FN:21,(anonymous_2)
FNF:2
FNH:0
FNDA:0,(anonymous_1)
FNDA:0,(anonymous_2)
DA:1,2
DA:5,2
DA:8,2
DA:13,0
DA:21,2
DA:25,0
DA:26,0
DA:28,0
DA:29,0
DA:31,0
DA:37,0
LF:11
LH:4
BRDA:25,0,0,0
BRDA:25,1,0,0
BRDA:25,1,1,0
BRDA:25,1,2,0
BRDA:28,2,0,0
BRF:5
BRH:0
end_of_record
TN:
SF:src/server/Query/SelectByHash.tsx
FN:19,(anonymous_27)
FN:31,(anonymous_28)
FN:32,(anonymous_29)
FN:33,(anonymous_30)
FN:34,(anonymous_31)
FN:35,(anonymous_32)
FN:36,(anonymous_33)
FN:37,(anonymous_34)
FN:38,(anonymous_35)
FN:39,(anonymous_36)
FN:40,(anonymous_37)
FN:41,(anonymous_38)
FN:42,(anonymous_39)
FN:43,(anonymous_40)
FN:44,(anonymous_41)
FN:45,(anonymous_42)
FN:46,(anonymous_43)
FN:47,(anonymous_44)
FN:48,(anonymous_45)
FN:49,(anonymous_46)
FN:50,(anonymous_47)
FN:51,(anonymous_48)
FN:52,(anonymous_49)
FN:53,(anonymous_50)
FN:58,(anonymous_51)
FN:66,(anonymous_52)
FN:71,(anonymous_53)
FNF:27
FNH:1
FNDA:0,(anonymous_27)
FNDA:0,(anonymous_28)
FNDA:0,(anonymous_29)
FNDA:0,(anonymous_30)
FNDA:0,(anonymous_31)
FNDA:0,(anonymous_32)
FNDA:0,(anonymous_33)
FNDA:0,(anonymous_34)
FNDA:0,(anonymous_35)
FNDA:0,(anonymous_36)
FNDA:0,(anonymous_37)
FNDA:0,(anonymous_38)
FNDA:0,(anonymous_39)
FNDA:0,(anonymous_40)
FNDA:0,(anonymous_41)
FNDA:0,(anonymous_42)
FNDA:0,(anonymous_43)
FNDA:0,(anonymous_44)
FNDA:0,(anonymous_45)
FNDA:0,(anonymous_46)
FNDA:0,(anonymous_47)
FNDA:0,(anonymous_48)
FNDA:0,(anonymous_49)
FNDA:0,(anonymous_50)
FNDA:0,(anonymous_51)
FNDA:0,(anonymous_52)
FNDA:1,(anonymous_53)
DA:1,3
DA:15,3
DA:16,3
DA:19,3
DA:23,0
DA:31,3
DA:32,3
DA:33,3
DA:34,3
DA:35,3
DA:36,3
DA:37,3
DA:38,3
DA:39,3
DA:40,3
DA:41,3
DA:42,3
DA:43,3
DA:44,3
DA:45,3
DA:46,3
DA:47,3
DA:48,3
DA:49,3
DA:50,3
DA:51,3
DA:52,3
DA:53,3
DA:58,3
DA:59,0
DA:66,3
DA:67,0
DA:71,3
DA:72,1
LF:34
LH:31
BRDA:31,0,0,0
BRDA:32,1,0,0
BRDA:33,2,0,0
BRDA:34,3,0,0
BRDA:35,4,0,0
BRDA:36,5,0,0
BRDA:37,6,0,0
BRDA:38,7,0,0
BRDA:39,8,0,0
BRDA:40,9,0,0
BRDA:41,10,0,0
BRDA:42,11,0,0
BRDA:43,12,0,0
BRDA:44,13,0,0
BRDA:45,14,0,0
BRDA:46,15,0,0
BRDA:47,16,0,0
BRDA:48,17,0,0
BRDA:49,18,0,0
BRDA:50,19,0,0
BRDA:51,20,0,0
BRDA:52,21,0,0
BRDA:53,22,0,0
BRF:23
BRH:0
end_of_record
TN:
SF:src/server/Query/SelectById.tsx
FN:25,(anonymous_31)
FN:26,(anonymous_32)
FN:27,(anonymous_33)
FN:28,(anonymous_34)
FN:29,(anonymous_35)
FN:30,(anonymous_36)
FN:31,(anonymous_37)
FN:32,(anonymous_38)
FN:33,(anonymous_39)
FN:34,(anonymous_40)
FN:35,(anonymous_41)
FN:36,(anonymous_42)
FN:37,(anonymous_43)
FN:38,(anonymous_44)
FN:39,(anonymous_45)
FN:40,(anonymous_46)
FN:41,(anonymous_47)
FN:42,(anonymous_48)
FN:43,(anonymous_49)
FN:44,(anonymous_50)
FN:45,(anonymous_51)
FN:46,(anonymous_52)
FN:51,(anonymous_53)
FN:74,(anonymous_54)
FN:95,(anonymous_55)
FN:116,(anonymous_56)
FN:124,(anonymous_57)
FN:129,(anonymous_58)
FN:137,(anonymous_59)
FN:142,(anonymous_60)
FNF:30
FNH:2
FNDA:0,(anonymous_31)
FNDA:0,(anonymous_32)
FNDA:0,(anonymous_33)
FNDA:0,(anonymous_34)
FNDA:0,(anonymous_35)
FNDA:0,(anonymous_36)
FNDA:0,(anonymous_37)
FNDA:0,(anonymous_38)
FNDA:3,(anonymous_39)
FNDA:0,(anonymous_40)
FNDA:0,(anonymous_41)
FNDA:0,(anonymous_42)
FNDA:0,(anonymous_43)
FNDA:0,(anonymous_44)
FNDA:0,(anonymous_45)
FNDA:0,(anonymous_46)
FNDA:0,(anonymous_47)
FNDA:0,(anonymous_48)
FNDA:0,(anonymous_49)
FNDA:0,(anonymous_50)
FNDA:0,(anonymous_51)
FNDA:0,(anonymous_52)
FNDA:0,(anonymous_53)
FNDA:0,(anonymous_54)
FNDA:0,(anonymous_55)
FNDA:0,(anonymous_56)
FNDA:0,(anonymous_57)
FNDA:0,(anonymous_58)
FNDA:9,(anonymous_59)
FNDA:0,(anonymous_60)
DA:1,3
DA:2,3
DA:3,3
DA:7,3
DA:19,3
DA:20,3
DA:25,3
DA:26,3
DA:27,3
DA:28,3
DA:29,3
DA:30,3
DA:31,3
DA:32,3
DA:33,3
DA:34,3
DA:35,3
DA:36,3
DA:37,3
DA:38,3
DA:39,3
DA:40,3
DA:41,3
DA:42,3
DA:43,3
DA:44,3
DA:45,3
DA:46,3
DA:51,3
DA:55,0
DA:70,0
DA:74,3
DA:78,0
DA:92,0
DA:95,3
DA:99,0
DA:113,0
DA:116,3
DA:118,0
DA:124,3
DA:125,0
DA:129,3
DA:130,0
DA:137,9
DA:138,9
DA:142,3
DA:143,0
LF:47
LH:37
BRDA:25,0,0,0
BRDA:26,1,0,0
BRDA:27,2,0,0
BRDA:28,3,0,0
BRDA:29,4,0,0
BRDA:30,5,0,0
BRDA:31,6,0,0
BRDA:32,7,0,0
BRDA:33,8,0,3
BRDA:34,9,0,0
BRDA:35,10,0,0
BRDA:36,11,0,0
BRDA:37,12,0,0
BRDA:38,13,0,0
BRDA:39,14,0,0
BRDA:40,15,0,0
BRDA:41,16,0,0
BRDA:42,17,0,0
BRDA:43,18,0,0
BRDA:44,19,0,0
BRDA:45,20,0,0
BRDA:46,21,0,0
BRF:22
BRH:1
end_of_record
TN:
SF:src/server/Query/UpdateByHash.tsx
FN:28,(anonymous_27)
FN:42,(anonymous_28)
FN:43,(anonymous_29)
FN:44,(anonymous_30)
FN:45,(anonymous_31)
FN:46,(anonymous_32)
FN:47,(anonymous_33)
FN:48,(anonymous_34)
FN:49,(anonymous_35)
FN:50,(anonymous_36)
FN:51,(anonymous_37)
FN:52,(anonymous_38)
FN:53,(anonymous_39)
FN:54,(anonymous_40)
FN:55,(anonymous_41)
FN:56,(anonymous_42)
FN:57,(anonymous_43)
FN:58,(anonymous_44)
FN:59,(anonymous_45)
FN:60,(anonymous_46)
FN:61,(anonymous_47)
FN:62,(anonymous_48)
FN:63,(anonymous_49)
FN:64,(anonymous_50)
FN:65,(anonymous_51)
FN:66,(anonymous_52)
FN:67,(anonymous_53)
FNF:27
FNH:0
FNDA:0,(anonymous_27)
FNDA:0,(anonymous_28)
FNDA:0,(anonymous_29)
FNDA:0,(anonymous_30)
FNDA:0,(anonymous_31)
FNDA:0,(anonymous_32)
FNDA:0,(anonymous_33)
FNDA:0,(anonymous_34)
FNDA:0,(anonymous_35)
FNDA:0,(anonymous_36)
FNDA:0,(anonymous_37)
FNDA:0,(anonymous_38)
FNDA:0,(anonymous_39)
FNDA:0,(anonymous_40)
FNDA:0,(anonymous_41)
FNDA:0,(anonymous_42)
FNDA:0,(anonymous_43)
FNDA:0,(anonymous_44)
FNDA:0,(anonymous_45)
FNDA:0,(anonymous_46)
FNDA:0,(anonymous_47)
FNDA:0,(anonymous_48)
FNDA:0,(anonymous_49)
FNDA:0,(anonymous_50)
FNDA:0,(anonymous_51)
FNDA:0,(anonymous_52)
FNDA:0,(anonymous_53)
DA:11,2
DA:28,2
DA:30,0
DA:42,2
DA:43,2
DA:44,2
DA:45,2
DA:46,2
DA:47,2
DA:48,2
DA:49,2
DA:50,2
DA:51,2
DA:52,2
DA:53,2
DA:54,2
DA:55,2
DA:56,2
DA:57,2
DA:58,2
DA:59,2
DA:60,2
DA:61,2
DA:62,2
DA:63,2
DA:64,2
DA:65,2
DA:66,2
DA:67,2
LF:29
LH:28
BRF:0
BRH:0
end_of_record
TN:
SF:src/server/Query/UpdateById.tsx
FN:30,(anonymous_27)
FN:31,(anonymous_28)
FN:32,(anonymous_29)
FN:33,(anonymous_30)
FN:34,(anonymous_31)
FN:35,(anonymous_32)
FN:36,(anonymous_33)
FN:37,(anonymous_34)
FN:38,(anonymous_35)
FN:39,(anonymous_36)
FN:40,(anonymous_37)
FN:41,(anonymous_38)
FN:42,(anonymous_39)
FN:43,(anonymous_40)
FN:44,(anonymous_41)
FN:45,(anonymous_42)
FN:46,(anonymous_43)
FN:47,(anonymous_44)
FN:48,(anonymous_45)
FN:49,(anonymous_46)
FN:50,(anonymous_47)
FN:51,(anonymous_48)
FN:52,(anonymous_49)
FN:53,(anonymous_50)
FN:54,(anonymous_51)
FN:55,(anonymous_52)
FNF:26
FNH:0
FNDA:0,(anonymous_27)
FNDA:0,(anonymous_28)
FNDA:0,(anonymous_29)
FNDA:0,(anonymous_30)
FNDA:0,(anonymous_31)
FNDA:0,(anonymous_32)
FNDA:0,(anonymous_33)
FNDA:0,(anonymous_34)
FNDA:0,(anonymous_35)
FNDA:0,(anonymous_36)
FNDA:0,(anonymous_37)
FNDA:0,(anonymous_38)
FNDA:0,(anonymous_39)
FNDA:0,(anonymous_40)
FNDA:0,(anonymous_41)
FNDA:0,(anonymous_42)
FNDA:0,(anonymous_43)
FNDA:0,(anonymous_44)
FNDA:0,(anonymous_45)
FNDA:0,(anonymous_46)
FNDA:0,(anonymous_47)
FNDA:0,(anonymous_48)
FNDA:0,(anonymous_49)
FNDA:0,(anonymous_50)
FNDA:0,(anonymous_51)
FNDA:0,(anonymous_52)
DA:26,2
DA:30,2
DA:31,2
DA:32,2
DA:33,2
DA:34,2
DA:35,2
DA:36,2
DA:37,2
DA:38,2
DA:39,2
DA:40,2
DA:41,2
DA:42,2
DA:43,2
DA:44,2
DA:45,2
DA:46,2
DA:47,2
DA:48,2
DA:49,2
DA:50,2
DA:51,2
DA:52,2
DA:53,2
DA:54,2
DA:55,2
LF:27
LH:27
BRF:0
BRH:0
end_of_record
TN:
SF:src/server/Query/Utility.tsx
FN:8,(anonymous_9)
FN:11,(anonymous_10)
FN:20,(anonymous_11)
FN:39,(anonymous_12)
FN:60,(anonymous_13)
FNF:5
FNH:0
FNDA:0,(anonymous_9)
FNDA:0,(anonymous_10)
FNDA:0,(anonymous_11)
FNDA:0,(anonymous_12)
FNDA:0,(anonymous_13)
DA:1,2
DA:8,2
DA:9,0
DA:11,2
DA:14,0
DA:20,2
DA:24,0
DA:39,2
DA:43,0
DA:57,0
DA:60,2
DA:64,0
DA:93,0
LF:13
LH:6
BRDA:27,0,0,0
BRDA:27,0,1,0
BRF:2
BRH:0
end_of_record
TN:
SF:src/server/Repo/AccountRepo.tsx
FN:21,(anonymous_1)
FN:46,(anonymous_2)
FN:53,(anonymous_3)
FN:60,(anonymous_4)
FN:69,(anonymous_5)
FN:88,(anonymous_6)
FN:95,(anonymous_7)
FN:97,(anonymous_8)
FN:100,(anonymous_9)
FN:108,(anonymous_10)
FNF:10
FNH:0
FNDA:0,(anonymous_1)
FNDA:0,(anonymous_2)
FNDA:0,(anonymous_3)
FNDA:0,(anonymous_4)
FNDA:0,(anonymous_5)
FNDA:0,(anonymous_6)
FNDA:0,(anonymous_7)
FNDA:0,(anonymous_8)
FNDA:0,(anonymous_9)
FNDA:0,(anonymous_10)
DA:6,2
DA:7,2
DA:8,2
DA:9,2
DA:11,2
DA:12,2
DA:14,2
DA:15,2
DA:17,2
DA:18,2
DA:21,2
DA:28,0
DA:33,0
DA:35,0
DA:43,0
DA:46,2
DA:48,0
DA:50,0
DA:53,2
DA:55,0
DA:57,0
DA:60,2
DA:64,0
DA:66,0
DA:69,2
DA:73,0
DA:75,0
DA:77,0
DA:78,0
DA:80,0
DA:82,0
DA:83,0
DA:85,0
DA:88,2
DA:90,0
DA:92,0
DA:95,2
DA:97,2
DA:98,0
DA:100,2
DA:106,0
DA:108,2
DA:113,0
DA:115,0
DA:125,2
LF:45
LH:21
BRDA:23,0,0,0
BRDA:77,1,0,0
BRDA:82,2,0,0
BRDA:102,3,0,0
BRF:4
BRH:0
end_of_record
TN:
SF:src/server/Repo/ActivityRepo.tsx
FN:21,(anonymous_1)
FN:46,(anonymous_2)
FN:54,(anonymous_3)
FN:61,(anonymous_4)
FN:70,(anonymous_5)
FN:87,(anonymous_6)
FN:94,(anonymous_7)
FN:96,(anonymous_8)
FN:99,(anonymous_9)
FN:104,(anonymous_10)
FNF:10
FNH:0
FNDA:0,(anonymous_1)
FNDA:0,(anonymous_2)
FNDA:0,(anonymous_3)
FNDA:0,(anonymous_4)
FNDA:0,(anonymous_5)
FNDA:0,(anonymous_6)
FNDA:0,(anonymous_7)
FNDA:0,(anonymous_8)
FNDA:0,(anonymous_9)
FNDA:0,(anonymous_10)
DA:6,2
DA:7,2
DA:8,2
DA:9,2
DA:11,2
DA:12,2
DA:14,2
DA:15,2
DA:17,2
DA:18,2
DA:21,2
DA:28,0
DA:33,0
DA:35,0
DA:43,0
DA:46,2
DA:48,0
DA:50,0
DA:54,2
DA:56,0
DA:58,0
DA:61,2
DA:65,0
DA:67,0
DA:70,2
DA:74,0
DA:76,0
DA:77,0
DA:79,0
DA:81,0
DA:82,0
DA:84,0
DA:87,2
DA:89,0
DA:91,0
DA:94,2
DA:96,2
DA:97,0
DA:99,2
DA:102,0
DA:104,2
DA:109,0
DA:111,0
DA:121,2
LF:44
LH:21
BRDA:23,0,0,0
BRDA:76,1,0,0
BRDA:81,2,0,0
BRF:3
BRH:0
end_of_record
TN:
SF:src/server/Repo/AnalysisRepo.tsx
FN:21,(anonymous_1)
FN:46,(anonymous_2)
FN:54,(anonymous_3)
FN:61,(anonymous_4)
FN:70,(anonymous_5)
FN:87,(anonymous_6)
FN:94,(anonymous_7)
FN:96,(anonymous_8)
FN:99,(anonymous_9)
FN:104,(anonymous_10)
FNF:10
FNH:0
FNDA:0,(anonymous_1)
FNDA:0,(anonymous_2)
FNDA:0,(anonymous_3)
FNDA:0,(anonymous_4)
FNDA:0,(anonymous_5)
FNDA:0,(anonymous_6)
FNDA:0,(anonymous_7)
FNDA:0,(anonymous_8)
FNDA:0,(anonymous_9)
FNDA:0,(anonymous_10)
DA:6,2
DA:7,2
DA:8,2
DA:9,2
DA:11,2
DA:12,2
DA:14,2
DA:15,2
DA:17,2
DA:18,2
DA:21,2
DA:28,0
DA:33,0
DA:35,0
DA:43,0
DA:46,2
DA:48,0
DA:50,0
DA:54,2
DA:56,0
DA:58,0
DA:61,2
DA:65,0
DA:67,0
DA:70,2
DA:74,0
DA:76,0
DA:77,0
DA:79,0
DA:81,0
DA:82,0
DA:84,0
DA:87,2
DA:89,0
DA:91,0
DA:94,2
DA:96,2
DA:97,0
DA:99,2
DA:102,0
DA:104,2
DA:109,0
DA:111,0
DA:121,2
LF:44
LH:21
BRDA:23,0,0,0
BRDA:76,1,0,0
BRDA:81,2,0,0
BRF:3
BRH:0
end_of_record
TN:
SF:src/server/Repo/AssetRepo.tsx
FN:32,(anonymous_1)
FN:66,(anonymous_2)
FN:73,(anonymous_3)
FN:80,(anonymous_4)
FN:89,(anonymous_5)
FN:111,(anonymous_6)
FN:118,(anonymous_7)
FN:120,(anonymous_8)
FN:123,(anonymous_9)
FN:132,(anonymous_10)
[...]
LF:79
LH:26
BRDA:32,0,0,0
BRDA:91,1,0,0
BRDA:97,2,0,0
BRDA:136,3,0,0
BRDA:139,4,0,0
BRDA:139,4,1,0
BRDA:139,4,2,0
BRDA:139,4,3,0
BRDA:139,4,4,0
BRDA:139,4,5,0
BRDA:139,4,6,0
BRDA:139,4,7,0
BRDA:139,4,8,0
BRDA:139,4,9,0
BRDA:143,5,0,0
BRDA:143,5,1,0
BRDA:201,6,0,0
BRDA:201,7,0,0
BRDA:201,7,1,0
BRF:19
BRH:0
end_of_record
TN:
SF:src/server/Server/Session.tsx
FN:19,(anonymous_9)
FN:28,(anonymous_10)
FN:37,(anonymous_11)
FN:56,(anonymous_12)
FN:72,(anonymous_13)
FN:119,(anonymous_14)
FN:153,(anonymous_15)
FN:160,(anonymous_16)
FN:169,(anonymous_17)
FNF:9
FNH:0
FNDA:0,(anonymous_9)
FNDA:0,(anonymous_10)
FNDA:0,(anonymous_11)
FNDA:0,(anonymous_12)
FNDA:0,(anonymous_13)
FNDA:0,(anonymous_14)
FNDA:0,(anonymous_15)
FNDA:0,(anonymous_16)
FNDA:0,(anonymous_17)
DA:1,2
DA:2,2
DA:4,2
DA:5,2
DA:7,2
DA:8,2
DA:9,2
DA:12,2
DA:13,2
DA:14,2
DA:15,2
DA:19,2
DA:23,0
DA:25,0
DA:28,2
DA:32,0
DA:34,0
DA:37,2
DA:41,0
DA:42,0
DA:44,0
DA:46,0
DA:47,0
DA:49,0
DA:51,0
DA:56,2
DA:63,0
DA:65,0
DA:66,0
DA:68,0
DA:72,2
DA:79,0
DA:81,0
DA:82,0
DA:84,0
DA:87,0
DA:89,0
DA:90,0
DA:92,0
DA:95,0
DA:97,0
DA:99,0
DA:101,0
DA:102,0
DA:104,0
DA:106,0
DA:112,0
DA:114,0
DA:116,0
DA:119,2
DA:121,0
DA:123,0
DA:125,0
DA:127,0
DA:129,0
DA:135,0
DA:136,0
DA:138,0
DA:145,0
DA:147,0
DA:148,0
DA:150,0
DA:153,2
DA:154,0
DA:156,0
DA:160,2
DA:162,0
DA:164,0
DA:166,0
DA:169,2
DA:171,0
DA:173,0
LF:72
LH:20
BRDA:41,0,0,0
BRDA:46,1,0,0
BRDA:65,2,0,0
BRDA:74,3,0,0
BRDA:81,4,0,0
BRDA:82,5,0,0
BRDA:89,6,0,0
BRDA:97,7,0,0
BRDA:101,8,0,0
BRDA:125,9,0,0
BRDA:125,9,1,0
BRDA:135,10,0,0
BRDA:147,11,0,0
BRF:13
BRH:0
end_of_record
TN:
SF:src/server/Server/Utility/Utility.tsx
FN:11,(anonymous_12)
FN:12,(anonymous_13)
FN:13,(anonymous_14)
FN:15,(anonymous_15)
FN:22,(anonymous_16)
FN:31,(anonymous_17)
FN:47,(anonymous_18)
FN:50,(anonymous_19)
FN:51,(anonymous_20)
FN:63,(anonymous_21)
FN:80,(anonymous_22)
FN:126,(anonymous_23)
FNF:12
FNH:0
FNDA:0,(anonymous_12)
FNDA:0,(anonymous_13)
FNDA:0,(anonymous_14)
FNDA:0,(anonymous_15)
FNDA:0,(anonymous_16)
FNDA:0,(anonymous_17)
FNDA:0,(anonymous_18)
FNDA:0,(anonymous_19)
FNDA:0,(anonymous_20)
FNDA:0,(anonymous_21)
FNDA:0,(anonymous_22)
FNDA:0,(anonymous_23)
DA:2,2
DA:3,2
DA:5,2
DA:7,2
DA:8,2
DA:11,2
DA:12,2
DA:13,2
DA:15,2
DA:17,0
DA:22,2
DA:24,0
DA:25,0
DA:26,0
DA:28,0
DA:31,2
DA:36,0
DA:38,0
DA:40,0
DA:41,0
DA:43,0
DA:47,2
DA:48,0
DA:50,0
DA:53,0
DA:55,0
DA:56,0
DA:60,0
DA:63,2
DA:69,0
DA:70,0
DA:73,0
DA:74,0
DA:76,0
DA:80,2
DA:82,0
DA:84,0
DA:87,0
DA:90,0
DA:92,0
DA:96,0
DA:99,0
DA:100,0
DA:108,0
DA:113,0
DA:119,0
DA:121,0
DA:126,2
DA:131,0
DA:132,0
DA:134,0
DA:137,2
LF:52
LH:16
BRDA:24,0,0,0
BRDA:25,1,0,0
BRDA:26,2,0,0
BRDA:40,3,0,0
BRDA:55,4,0,0
BRDA:56,5,0,0
BRDA:56,5,1,0
BRDA:57,6,0,0
BRDA:57,6,1,0
BRDA:58,7,0,0
BRDA:58,7,1,0
BRDA:99,8,0,0
BRDA:131,9,0,0
BRF:13
BRH:0
end_of_record
TN:
SF:src/server/Service/DatabaseService.tsx
FN:14,(anonymous_3)
FNF:1
FNH:1
FNDA:3,(anonymous_3)
DA:2,3
DA:3,3
DA:11,3
DA:14,3
DA:22,3
DA:24,3
DA:26,3
DA:27,0
DA:29,3
DA:33,3
DA:35,19
DA:37,3
DA:40,3
DA:43,3
DA:46,3
DA:49,3
DA:52,3
DA:55,3
DA:58,3
DA:61,3
DA:64,3
DA:67,3
DA:70,3
DA:73,3
DA:76,3
DA:79,3
DA:82,3
DA:85,3
DA:88,3
DA:91,3
DA:94,3
DA:97,3
DA:100,3
DA:103,3
DA:106,3
DA:109,3
DA:112,3
DA:115,3
DA:118,3
DA:121,3
DA:124,3
DA:127,3
DA:130,3
DA:133,3
DA:136,3
DA:139,3
DA:142,3
DA:145,3
DA:148,3
DA:151,3
DA:154,3
DA:157,3
LF:52
LH:51
BRDA:22,0,0,3
BRDA:22,0,1,3
BRDA:26,1,0,0
BRDA:26,1,1,3
BRF:4
BRH:3
end_of_record
TN:
SF:src/server/Service/ObjectStorageService.tsx
FN:14,(anonymous_1)
FN:33,(anonymous_2)
FN:67,(anonymous_3)
FN:84,(anonymous_4)
FN:99,(anonymous_5)
FN:118,(anonymous_6)
FN:138,(anonymous_7)
FN:173,(anonymous_8)
FNF:8
FNH:1
FNDA:0,(anonymous_1)
FNDA:0,(anonymous_2)
FNDA:0,(anonymous_3)
FNDA:0,(anonymous_4)
FNDA:0,(anonymous_5)
FNDA:0,(anonymous_6)
FNDA:0,(anonymous_7)
FNDA:2,(anonymous_8)
DA:1,2
DA:3,2
DA:4,2
DA:6,2
DA:7,2
DA:8,2
DA:11,2
DA:14,2
DA:16,0
DA:18,0
DA:19,0
DA:20,0
DA:22,0
DA:30,0
DA:33,2
DA:39,0
DA:40,0
DA:43,0
DA:45,0
DA:47,0
DA:48,0
DA:56,0
DA:58,0
DA:61,0
DA:62,0
DA:64,0
DA:67,2
DA:71,0
DA:72,0
DA:74,0
DA:76,0
DA:77,0
DA:79,0
DA:84,2
DA:88,0
DA:89,0
DA:91,0
DA:93,0
DA:94,0
DA:96,0
DA:99,2
DA:104,0
DA:105,0
DA:107,0
DA:108,0
DA:110,0
DA:112,0
DA:113,0
DA:115,0
DA:118,2
DA:122,0
DA:123,0
DA:125,0
DA:127,0
DA:128,0
DA:130,0
DA:132,0
DA:133,0
DA:135,0
DA:138,2
DA:142,0
DA:143,0
DA:145,0
DA:147,0
DA:148,0
DA:150,0
DA:155,0
DA:157,0
DA:159,0
DA:164,2
DA:173,2
LF:71
LH:16
BRDA:16,0,0,0
BRDA:39,1,0,0
BRDA:61,2,0,0
BRDA:71,3,0,0
BRDA:71,4,0,0
BRDA:71,4,1,0
BRDA:76,5,0,0
BRDA:88,6,0,0
BRDA:88,7,0,0
BRDA:88,7,1,0
BRDA:93,8,0,0
BRDA:104,9,0,0
BRDA:104,10,0,0
BRDA:104,10,1,0
BRDA:107,11,0,0
BRDA:107,12,0,0
BRDA:107,12,1,0
BRDA:112,13,0,0
BRDA:122,14,0,0
BRDA:122,15,0,0
BRDA:122,15,1,0
BRDA:127,16,0,0
BRDA:132,17,0,0
BRDA:142,18,0,0
BRDA:142,19,0,0
BRDA:142,19,1,0
BRDA:147,20,0,0
BRDA:173,21,0,0
BRF:28
BRH:0
end_of_record
TN:
SF:src/server/Service/FileExtractService/index.tsx
FN:13,(anonymous_1)
FN:29,(anonymous_2)
FN:45,(anonymous_3)
FN:58,(anonymous_4)
FN:64,(anonymous_5)
FNF:5
FNH:0
FNDA:0,(anonymous_1)
FNDA:0,(anonymous_2)
FNDA:0,(anonymous_3)
FNDA:0,(anonymous_4)
FNDA:0,(anonymous_5)
DA:1,2
DA:2,2
DA:3,2
DA:5,2
DA:6,2
DA:9,2
DA:10,2
DA:13,2
DA:18,0
DA:19,0
DA:21,0
DA:22,0
DA:23,0
DA:25,0
DA:29,2
DA:33,0
DA:35,0
DA:37,0
DA:39,0
DA:40,0
DA:42,0
DA:44,0
DA:46,0
DA:54,0
DA:58,2
DA:61,0
DA:64,2
DA:66,2
LF:28
LH:12
BRDA:18,0,0,0
BRDA:18,1,0,0
BRDA:18,1,1,0
BRDA:21,2,0,0
BRDA:21,2,1,0
BRDA:21,2,2,0
BRDA:30,3,0,0
BRDA:33,4,0,0
BRDA:33,4,1,0
BRDA:39,5,0,0
BRF:10
BRH:0
end_of_record
TN:
SF:src/server/Service/FileExtractService/TextractService/TextractUtility.tsx
FN:15,(anonymous_9)
FN:18,(anonymous_10)
FN:27,(anonymous_11)
FN:40,(anonymous_12)
FN:66,(anonymous_13)
FN:83,(anonymous_14)
FN:86,(anonymous_15)
FN:89,(anonymous_16)
FN:116,(anonymous_17)
FNF:9
FNH:0
FNDA:0,(anonymous_9)
FNDA:0,(anonymous_10)
FNDA:0,(anonymous_11)
FNDA:0,(anonymous_12)
FNDA:0,(anonymous_13)
FNDA:0,(anonymous_14)
FNDA:0,(anonymous_15)
FNDA:0,(anonymous_16)
FNDA:0,(anonymous_17)
DA:1,2
DA:2,2
DA:4,2
DA:6,2
DA:7,2
DA:12,2
DA:15,2
DA:16,0
DA:18,2
DA:22,0
DA:23,0
DA:25,0
DA:27,0
DA:31,0
DA:33,0
DA:34,0
DA:37,0
DA:40,2
DA:47,0
DA:66,2
DA:72,0
DA:74,0
DA:75,0
DA:77,0
DA:80,0
DA:83,2
DA:84,0
DA:86,2
DA:87,0
DA:89,2
DA:94,0
DA:116,2
DA:120,0
LF:33
LH:14
BRDA:16,0,0,0
BRDA:16,0,1,0
BRDA:22,1,0,0
BRDA:33,2,0,0
BRDA:33,3,0,0
BRDA:33,3,1,0
BRDA:34,4,0,0
BRDA:34,4,1,0
BRDA:60,5,0,0
BRDA:60,5,1,0
BRDA:74,6,0,0
BRDA:87,7,0,0
BRDA:87,7,1,0
BRDA:139,8,0,0
BRDA:139,8,1,0
BRF:15
BRH:0
end_of_record
TN:
SF:src/server/Service/FileExtractService/TextractService/index.tsx
FN:39,(anonymous_1)
FN:64,(anonymous_2)
FN:99,(anonymous_3)
FN:200,(anonymous_4)
FNF:4
FNH:0
FNDA:0,(anonymous_1)
FNDA:0,(anonymous_2)
FNDA:0,(anonymous_3)
FNDA:0,(anonymous_4)
DA:1,2
DA:2,2
DA:3,2
DA:4,2
DA:6,2
DA:7,2
DA:8,2
DA:9,2
DA:11,2
DA:12,2
DA:13,2
DA:15,2
DA:16,2
DA:17,2
DA:22,2
DA:27,2
DA:30,2
DA:39,2
DA:64,2
DA:69,0
DA:70,0
DA:72,0
DA:73,0
DA:75,0
DA:76,0
DA:78,0
DA:80,0
DA:82,0
DA:84,0
DA:86,0
DA:87,0
DA:89,0
DA:99,2
DA:103,0
DA:104,0
DA:106,0
DA:107,0
DA:109,0
DA:113,0
DA:114,0
DA:116,0
DA:118,0
DA:120,0
DA:122,0
DA:124,0
DA:126,0
DA:128,0
DA:129,0
DA:136,0
DA:137,0
DA:139,0
DA:141,0
DA:142,0
DA:144,0
DA:147,0
DA:148,0
DA:149,0
DA:152,0
DA:153,0
DA:155,0
DA:157,0
DA:159,0
DA:161,0
DA:162,0
DA:164,0
DA:172,0
DA:173,0
DA:175,0
DA:178,0
DA:179,0
DA:181,0
DA:187,0
DA:195,0
DA:197,0
DA:200,2
DA:202,2
LF:76
LH:22
BRDA:66,0,0,0
BRDA:69,1,0,0
BRDA:72,2,0,0
BRDA:75,3,0,0
BRDA:86,4,0,0
BRDA:103,5,0,0
BRDA:106,6,0,0
BRDA:113,7,0,0
BRDA:136,8,0,0
BRDA:147,9,0,0
BRDA:152,10,0,0
BRDA:161,11,0,0
BRDA:167,12,0,0
BRDA:167,12,1,0
BRDA:172,13,0,0
BRDA:178,14,0,0
BRF:16
BRH:0
end_of_record
TN:
SF:src/server/Service/NotificationService/index.tsx
FN:9,(anonymous_1)
FN:23,(anonymous_2)
FNF:2
FNH:0
FNDA:0,(anonymous_1)
FNDA:0,(anonymous_2)
DA:1,2
DA:4,2
DA:6,2
DA:9,2
DA:14,0
DA:16,0
DA:19,0
DA:23,2
DA:25,2
LF:9
LH:6
BRDA:11,0,0,0
BRDA:14,1,0,0
BRDA:14,1,1,0
BRF:3
BRH:0
end_of_record
TN:
SF:src/server/Service/NotificationService/PusherService/index.tsx
FN:27,(anonymous_2)
FN:48,(anonymous_3)
FNF:2
FNH:0
FNDA:0,(anonymous_2)
FNDA:0,(anonymous_3)
DA:1,2
DA:3,2
DA:6,2
DA:7,2
DA:10,2
DA:11,2
DA:12,2
DA:13,2
DA:15,2
DA:17,2
DA:18,0
DA:27,2
DA:32,0
DA:36,0
DA:37,0
DA:39,0
DA:41,0
DA:48,2
DA:50,2
LF:19
LH:13
BRDA:17,0,0,0
BRDA:29,1,0,0
BRDA:32,2,0,0
BRDA:36,3,0,0
BRF:4
BRH:0
end_of_record
TN:
SF:src/server/Service/TextCompletionService/ChatGPTService.tsx
FN:32,(anonymous_2)
FN:83,(anonymous_3)
FN:92,(anonymous_4)
FNF:3
FNH:0
FNDA:0,(anonymous_2)
FNDA:0,(anonymous_3)
FNDA:0,(anonymous_4)
DA:1,2
DA:2,2
DA:3,2
DA:4,2
DA:5,2
DA:6,2
DA:7,2
DA:9,2
DA:11,2
DA:12,2
DA:14,2
DA:15,2
DA:16,2
DA:18,2
DA:21,2
DA:23,2
DA:24,2
DA:25,2
DA:28,2
DA:32,2
DA:42,0
DA:58,0
DA:60,0
DA:62,0
DA:64,0
DA:73,0
DA:83,2
DA:90,0
DA:92,0
DA:93,0
DA:102,0
DA:108,0
DA:110,0
DA:116,0
DA:118,0
DA:120,0
DA:122,0
DA:124,0
DA:127,0
DA:129,0
DA:145,0
DA:151,2
LF:42
LH:22
BRDA:36,0,0,0
BRDA:45,1,0,0
BRDA:45,1,1,0
BRDA:69,2,0,0
BRDA:69,2,1,0
BRDA:86,3,0,0
BRDA:131,4,0,0
BRDA:131,4,1,0
BRF:8
BRH:0
end_of_record
TN:
SF:src/server/Service/TextCompletionService/GeminiService.tsx
FN:34,(anonymous_1)
FN:73,(anonymous_2)
FN:82,(anonymous_3)
FNF:3
FNH:0
FNDA:0,(anonymous_1)
FNDA:0,(anonymous_2)
FNDA:0,(anonymous_3)
DA:1,2
DA:2,2
DA:3,2
DA:4,2
DA:5,2
DA:6,2
DA:7,2
DA:9,2
DA:11,2
DA:12,2
DA:14,2
DA:15,2
DA:16,2
DA:17,2
DA:19,2
DA:22,2
DA:24,2
DA:27,2
DA:29,2
DA:31,2
DA:34,2
DA:44,0
DA:46,0
DA:48,0
DA:50,0
DA:52,0
DA:54,0
DA:56,0
DA:58,0
DA:67,0
DA:73,2
DA:80,0
DA:82,0
DA:83,0
DA:92,0
DA:98,0
DA:100,0
DA:106,0
DA:109,0
DA:111,0
DA:113,0
DA:115,0
DA:118,0
DA:120,0
DA:136,0
DA:143,2
LF:46
LH:23
BRDA:38,0,0,0
BRDA:63,1,0,0
BRDA:63,1,1,0
BRDA:76,2,0,0
BRDA:122,3,0,0
BRDA:122,3,1,0
BRF:6
BRH:0
end_of_record
TN:
SF:src/server/Service/TextCompletionService/constant.tsx
FNF:0
FNH:0
DA:1,2
DA:4,2
DA:12,2
DA:149,2
DA:205,2
DA:207,2
DA:230,2
LF:7
LH:7
BRF:0
BRH:0
end_of_record
TN:
SF:src/server/Service/TextCompletionService/index.tsx
FN:20,(anonymous_1)
FN:37,(anonymous_2)
FN:52,(anonymous_3)
FN:82,(anonymous_4)
FN:110,(anonymous_5)
FN:116,(anonymous_6)
FNF:6
FNH:0
FNDA:0,(anonymous_1)
FNDA:0,(anonymous_2)
FNDA:0,(anonymous_3)
FNDA:0,(anonymous_4)
FNDA:0,(anonymous_5)
FNDA:0,(anonymous_6)
DA:1,2
DA:3,2
DA:4,2
DA:5,2
DA:8,2
DA:10,2
DA:11,2
DA:13,2
DA:14,2
DA:16,2
DA:17,2
DA:20,2
DA:28,0
DA:37,2
DA:45,0
DA:52,2
DA:62,0
DA:63,0
DA:65,0
DA:67,0
DA:73,0
DA:78,0
DA:82,2
DA:89,0
DA:91,0
DA:93,0
DA:94,0
DA:96,0
DA:99,0
DA:101,0
DA:107,0
DA:109,0
DA:111,0
DA:115,0
DA:117,0
DA:121,0
DA:127,2
LF:37
LH:16
BRDA:24,0,0,0
BRDA:41,1,0,0
BRDA:59,2,0,0
BRDA:62,3,0,0
BRDA:65,4,0,0
BRDA:65,4,1,0
BRDA:65,4,2,0
BRDA:84,5,0,0
BRDA:85,6,0,0
BRDA:93,7,0,0
BRDA:107,8,0,0
BRDA:107,8,1,0
BRDA:107,8,2,0
BRF:13
BRH:0
end_of_record
TN:
SF:src/shared/SharedAction.ts
FN:8,(anonymous_4)
FN:11,(anonymous_5)
FNF:2
FNH:2
FNDA:2,(anonymous_4)
FNDA:2,(anonymous_5)
DA:1,2
DA:3,2
DA:6,2
DA:8,2
DA:11,2
DA:12,2
DA:15,2
LF:7
LH:7
BRF:0
BRH:0
end_of_record
TN:
SF:src/shared/TypeTest.tsx
FN:9,(anonymous_3)
FN:19,(anonymous_4)
FN:23,(anonymous_5)
FN:25,detect
FN:46,(anonymous_7)
FN:86,(anonymous_8)
FN:110,(anonymous_9)
FN:229,(anonymous_10)
FN:247,(anonymous_11)
FN:278,(anonymous_12)
FN:282,(anonymous_13)
FN:293,(anonymous_14)
FN:306,(anonymous_15)
FN:333,(anonymous_16)
FN:338,(anonymous_17)
FNF:15
FNH:11
FNDA:5,(anonymous_3)
FNDA:0,(anonymous_4)
FNDA:1,(anonymous_5)
FNDA:3,detect
FNDA:38,(anonymous_7)
FNDA:0,(anonymous_8)
FNDA:10,(anonymous_9)
FNDA:6,(anonymous_10)
FNDA:19,(anonymous_11)
FNDA:0,(anonymous_12)
FNDA:0,(anonymous_13)
FNDA:290,(anonymous_14)
FNDA:1302,(anonymous_15)
FNDA:8,(anonymous_16)
FNDA:17,(anonymous_17)
DA:1,47
DA:9,47
DA:10,5
DA:11,13
DA:12,5
DA:14,0
DA:19,47
DA:20,0
DA:23,47
DA:24,1
DA:26,3
DA:27,2
DA:28,1
DA:30,1
DA:31,1
DA:34,2
DA:35,1
DA:38,1
DA:41,1
DA:46,47
DA:48,38
DA:52,5
DA:57,33
DA:59,33
DA:60,0
DA:63,33
DA:66,14
DA:67,4
DA:71,10
DA:74,10
DA:75,10
DA:77,0
DA:81,19
DA:86,47
DA:87,0
DA:88,0
DA:91,0
DA:92,0
DA:97,0
DA:98,0
DA:102,0
DA:104,0
DA:110,47
DA:113,10
DA:114,0
DA:116,10
DA:117,10
DA:119,0
DA:120,0
DA:122,0
DA:126,0
DA:128,0
DA:130,0
DA:140,0
DA:145,0
DA:147,0
DA:148,0
DA:149,0
DA:151,0
DA:153,0
DA:154,0
DA:155,0
DA:156,0
DA:157,0
DA:158,0
DA:159,0
DA:160,0
DA:161,0
DA:162,0
DA:164,0
DA:165,0
DA:168,0
DA:173,0
DA:174,0
DA:175,0
DA:178,0
DA:180,0
DA:182,0
DA:184,0
DA:185,0
DA:190,0
DA:192,0
DA:193,0
DA:195,0
DA:197,0
DA:198,0
DA:201,0
DA:202,0
DA:203,0
DA:205,0
DA:207,0
DA:208,0
DA:209,0
DA:210,0
DA:211,0
DA:212,0
DA:213,0
DA:214,0
DA:215,0
DA:216,0
DA:218,0
DA:219,0
DA:221,0
DA:229,47
DA:230,6
DA:247,47
DA:249,19
DA:250,0
DA:252,19
DA:253,0
DA:256,19
DA:257,19
DA:259,19
DA:260,0
DA:263,19
DA:264,0
DA:266,19
DA:267,0
DA:269,19
DA:271,19
DA:273,0
DA:278,47
DA:279,0
DA:282,47
DA:283,0
DA:284,0
DA:286,0
DA:288,0
DA:293,47
DA:295,290
DA:296,92
DA:298,198
DA:300,198
DA:306,47
DA:307,1302
DA:308,823
DA:310,479
DA:311,54
DA:314,54
DA:315,21
DA:317,33
DA:320,425
DA:322,425
DA:323,0
DA:326,425
DA:333,47
DA:334,8
DA:338,47
DA:339,17
DA:341,1696
LF:150
LH:69
BRDA:11,0,0,5
BRDA:20,1,0,0
BRDA:20,1,1,0
BRDA:26,2,0,2
BRDA:26,3,0,3
BRDA:26,3,1,3
BRDA:27,4,0,1
BRDA:34,5,0,1
BRDA:48,6,0,5
BRDA:48,7,0,38
BRDA:48,7,1,37
BRDA:48,7,2,36
BRDA:48,7,3,35
BRDA:59,8,0,0
BRDA:66,9,0,4
BRDA:74,10,0,10
BRDA:74,11,0,10
BRDA:74,11,1,10
BRDA:74,11,2,10
BRDA:87,12,0,0
BRDA:91,13,0,0
BRDA:97,14,0,0
BRDA:113,15,0,0
BRDA:113,16,0,10
BRDA:113,16,1,10
BRDA:116,17,0,10
BRDA:119,18,0,0
BRDA:140,19,0,0
BRDA:140,20,0,0
BRDA:140,20,1,0
BRDA:147,21,0,0
BRDA:147,22,0,0
BRDA:147,22,1,0
BRDA:148,23,0,0
BRDA:148,24,0,0
BRDA:148,24,1,0
BRDA:149,25,0,0
BRDA:149,26,0,0
BRDA:149,26,1,0
BRDA:151,27,0,0
BRDA:151,28,0,0
BRDA:151,28,1,0
BRDA:153,29,0,0
BRDA:153,30,0,0
BRDA:153,30,1,0
BRDA:154,31,0,0
BRDA:154,32,0,0
BRDA:154,32,1,0
BRDA:155,33,0,0
BRDA:155,34,0,0
BRDA:155,34,1,0
BRDA:156,35,0,0
BRDA:156,36,0,0
BRDA:156,36,1,0
BRDA:157,37,0,0
BRDA:157,38,0,0
BRDA:157,38,1,0
BRDA:158,39,0,0
BRDA:158,40,0,0
BRDA:158,40,1,0
BRDA:159,41,0,0
BRDA:159,42,0,0
BRDA:159,42,1,0
BRDA:160,43,0,0
BRDA:160,44,0,0
BRDA:160,44,1,0
BRDA:161,45,0,0
BRDA:161,46,0,0
BRDA:161,46,1,0
BRDA:162,47,0,0
BRDA:162,48,0,0
BRDA:162,48,1,0
BRDA:164,49,0,0
BRDA:164,50,0,0
BRDA:164,50,1,0
BRDA:164,50,2,0
BRDA:164,50,3,0
BRDA:164,50,4,0
BRDA:174,51,0,0
BRDA:180,52,0,0
BRDA:184,53,0,0
BRDA:184,54,0,0
BRDA:184,54,1,0
BRDA:184,54,2,0
BRDA:192,55,0,0
BRDA:192,56,0,0
BRDA:192,56,1,0
BRDA:192,56,2,0
BRDA:197,57,0,0
BRDA:197,58,0,0
BRDA:197,58,1,0
BRDA:197,58,2,0
BRDA:197,58,3,0
BRDA:197,58,4,0
BRDA:201,59,0,0
BRDA:201,60,0,0
BRDA:201,60,1,0
BRDA:202,61,0,0
BRDA:202,62,0,0
BRDA:202,62,1,0
BRDA:203,63,0,0
BRDA:203,64,0,0
BRDA:203,64,1,0
BRDA:205,65,0,0
BRDA:205,66,0,0
BRDA:205,66,1,0
BRDA:207,67,0,0
BRDA:207,68,0,0
BRDA:207,68,1,0
BRDA:208,69,0,0
BRDA:208,70,0,0
BRDA:208,70,1,0
BRDA:209,71,0,0
BRDA:209,72,0,0
BRDA:209,72,1,0
BRDA:210,73,0,0
BRDA:210,74,0,0
BRDA:210,74,1,0
BRDA:211,75,0,0
BRDA:211,76,0,0
BRDA:211,76,1,0
BRDA:212,77,0,0
BRDA:212,78,0,0
BRDA:212,78,1,0
BRDA:213,79,0,0
BRDA:213,80,0,0
BRDA:213,80,1,0
BRDA:214,81,0,0
BRDA:214,82,0,0
BRDA:214,82,1,0
BRDA:215,83,0,0
BRDA:215,84,0,0
BRDA:215,84,1,0
BRDA:216,85,0,0
BRDA:216,86,0,0
BRDA:216,86,1,0
BRDA:218,87,0,0
BRDA:218,88,0,0
BRDA:218,88,1,0
BRDA:218,88,2,0
BRDA:218,88,3,0
BRDA:218,88,4,0
BRDA:231,89,0,6
BRDA:231,89,1,6
BRDA:231,89,2,6
BRDA:231,89,3,5
BRDA:231,89,4,4
BRDA:231,89,5,4
BRDA:231,89,6,4
BRDA:231,89,7,4
BRDA:231,89,8,4
BRDA:231,89,9,2
BRDA:231,89,10,0
BRDA:231,89,11,0
BRDA:249,90,0,0
BRDA:249,91,0,19
BRDA:249,91,1,19
BRDA:252,92,0,0
BRDA:259,93,0,0
BRDA:263,94,0,0
BRDA:266,95,0,0
BRDA:295,96,0,92
BRDA:295,97,0,290
BRDA:295,97,1,244
BRDA:300,98,0,198
BRDA:300,98,1,3
BRDA:300,98,2,3
BRDA:300,98,3,3
BRDA:307,99,0,823
BRDA:307,100,0,1302
BRDA:307,100,1,647
BRDA:307,100,2,510
BRDA:310,101,0,54
BRDA:314,102,0,21
BRDA:314,103,0,54
BRDA:314,103,1,47
BRDA:314,103,2,33
BRDA:322,104,0,0
BRDA:326,105,0,425
BRDA:326,105,1,155
BRDA:326,105,2,155
BRDA:326,105,3,150
BRF:182
BRH:51
end_of_record
TN:
SF:src/shared/index.tsx
FN:5,(anonymous_8)
FN:15,(anonymous_9)
FN:31,(anonymous_10)
FN:37,(anonymous_11)
FN:45,(anonymous_12)
FN:52,(anonymous_13)
FNF:6
FNH:5
FNDA:2,(anonymous_8)
FNDA:2,(anonymous_9)
FNDA:2,(anonymous_10)
FNDA:2,(anonymous_11)
FNDA:1,(anonymous_12)
FNDA:0,(anonymous_13)
DA:2,1
DA:5,1
DA:7,2
DA:9,2
DA:10,2
DA:12,2
DA:15,1
DA:16,2
DA:17,2
DA:19,0
DA:21,0
DA:23,0
DA:25,0
DA:26,0
DA:28,0
DA:31,1
DA:32,2
DA:34,2
DA:37,1
DA:38,2
DA:40,2
DA:42,2
DA:45,1
DA:52,1
DA:54,0
DA:55,0
DA:57,0
DA:59,0
DA:60,0
DA:62,0
DA:64,0
DA:66,0
DA:68,0
DA:69,0
DA:71,0
DA:73,0
DA:76,0
DA:79,5
LF:38
LH:19
BRDA:16,0,0,2
BRDA:25,1,0,0
BRDA:34,2,0,2
BRDA:34,2,1,2
BRDA:59,3,0,0
BRDA:59,3,1,0
BRDA:66,4,0,0
BRDA:66,4,1,0
BRDA:68,5,0,0
BRDA:71,6,0,0
BRF:10
BRH:3
end_of_record
TN:
SF:src/test/MockData.tsx
FN:125,(anonymous_1)
FNF:1
FNH:1
FNDA:816,(anonymous_1)
DA:4,48
DA:5,48
DA:6,48
DA:7,48
DA:8,48
DA:12,48
DA:16,48
DA:20,48
DA:24,277
DA:125,816
DA:150,48
LF:11
LH:11
BRF:0
BRH:0
end_of_record
TN:
SF:src/test/client.ts
FNF:0
FNH:0
DA:1,131
DA:2,131
DA:5,131
DA:7,131
DA:16,131
LF:5
LH:5
BRF:0
BRH:0
end_of_record
TN:
SF:src/test/constant/Boolean.tsx
FN:8,(anonymous_3)
FN:9,namedFunc
FNF:2
FNH:0
FNDA:0,(anonymous_3)
FNDA:0,namedFunc
DA:1,96
DA:6,96
LF:2
LH:2
BRF:0
BRH:0
end_of_record
TN:
SF:src/test/constant/Date.tsx
FN:26,(anonymous_7)
FNF:1
FNH:1
FNDA:384,(anonymous_7)
DA:2,96
DA:15,48
DA:26,384
DA:30,48
DA:39,48
DA:46,48
LF:6
LH:6
BRF:0
BRH:0
end_of_record
TN:
SF:src/test/constant/Invalid.tsx
FN:2,(anonymous_1)
FN:9,(anonymous_2)
FN:13,(anonymous_3)
FNF:3
FNH:1
FNDA:0,(anonymous_1)
FNDA:0,(anonymous_2)
FNDA:48,(anonymous_3)
DA:1,96
LF:1
LH:1
BRF:0
BRH:0
end_of_record
TN:
SF:src/test/constant/JSON.tsx
FNF:0
FNH:0
DA:3,192
DA:27,96
LF:2
LH:2
BRF:0
BRH:0
end_of_record
TN:
SF:src/test/constant/Number.tsx
FN:13,(anonymous_4)
FNF:1
FNH:0
FNDA:0,(anonymous_4)
DA:1,48
DA:26,48
DA:48,144
LF:3
LH:3
BRF:0
BRH:0
end_of_record
TN:
SF:src/test/constant/PathwayConfig.ts
FNF:0
FNH:0
DA:1,48
DA:7,48
LF:2
LH:2
BRF:0
BRH:0
end_of_record
TN:
SF:src/test/constant/String.tsx
FN:44,(anonymous_6)
FN:45,namedFunc
FNF:2
FNH:0
FNDA:0,(anonymous_6)
FNDA:0,namedFunc
DA:1,48
DA:12,96
DA:23,48
DA:32,48
DA:43,48
LF:5
LH:5
BRF:0
BRH:0
end_of_record
TN:
SF:src/test/constant/Unserializable.tsx
FN:2,(anonymous_1)
FN:3,namedFunc
FNF:2
FNH:0
FNDA:0,(anonymous_1)
FNDA:0,namedFunc
DA:1,48
LF:1
LH:1
BRF:0
BRH:0
end_of_record
TN:
SF:src/ui/UtilityUI.tsx
FN:14,(anonymous_1)
FN:20,(anonymous_2)
FN:27,(anonymous_3)
FN:28,(anonymous_4)
FN:31,(anonymous_5)
FN:37,(anonymous_6)
FN:44,(anonymous_7)
FN:45,(anonymous_8)
FN:48,(anonymous_9)
FN:54,(anonymous_10)
FN:61,(anonymous_11)
FN:62,(anonymous_12)
FN:65,(anonymous_13)
FN:71,(anonymous_14)
FN:78,(anonymous_15)
FN:82,(anonymous_16)
FN:93,(anonymous_17)
FN:118,(anonymous_18)
FNF:18
FNH:1
FNDA:0,(anonymous_1)
FNDA:0,(anonymous_2)
FNDA:0,(anonymous_3)
FNDA:0,(anonymous_4)
FNDA:0,(anonymous_5)
FNDA:0,(anonymous_6)
FNDA:0,(anonymous_7)
FNDA:0,(anonymous_8)
FNDA:0,(anonymous_9)
FNDA:0,(anonymous_10)
FNDA:0,(anonymous_11)
FNDA:0,(anonymous_12)
FNDA:0,(anonymous_13)
FNDA:0,(anonymous_14)
FNDA:0,(anonymous_15)
FNDA:0,(anonymous_16)
FNDA:2,(anonymous_17)
FNDA:0,(anonymous_18)
DA:2,1
DA:3,1
DA:4,1
DA:14,1
DA:20,0
DA:21,0
DA:26,0
DA:27,0
DA:28,0
DA:31,1
DA:37,0
DA:38,0
DA:43,0
DA:44,0
DA:45,0
DA:48,1
DA:54,0
DA:55,0
DA:60,0
DA:61,0
DA:62,0
DA:65,1
DA:71,0
DA:72,0
DA:77,0
DA:78,0
DA:82,1
DA:86,0
DA:87,0
DA:89,0
DA:93,1
DA:97,2
DA:98,0
DA:100,2
DA:102,2
DA:109,2
DA:115,2
DA:118,1
DA:124,0
DA:125,0
DA:126,0
DA:127,0
DA:131,2
LF:43
LH:16
BRDA:21,0,0,0
BRDA:21,0,1,0
BRDA:21,0,2,0
BRDA:21,0,3,0
BRDA:38,1,0,0
BRDA:38,1,1,0
BRDA:38,1,2,0
BRDA:38,1,3,0
BRDA:55,2,0,0
BRDA:55,2,1,0
BRDA:55,2,2,0
BRDA:55,2,3,0
BRDA:72,3,0,0
BRDA:72,3,1,0
BRDA:72,3,2,0
BRDA:72,3,3,0
BRDA:84,4,0,0
BRDA:86,5,0,0
BRDA:97,6,0,0
BRDA:97,7,0,2
BRDA:97,7,1,2
BRDA:124,8,0,0
BRDA:124,8,1,0
BRDA:124,8,2,0
BRF:24
BRH:2
end_of_record
